{"C:\\Users\\97252\\Desktop\\לימודים\\שנה ג\\סמסטר א\\backend\\webApplication\\src\\app.ts": {"path":"C:\\Users\\97252\\Desktop\\לימודים\\שנה ג\\סמסטר א\\backend\\webApplication\\src\\app.ts","statementMap":{"0":{"start":{"line":1,"column":0},"end":{"line":1,"column":25}},"1":{"start":{"line":2,"column":0},"end":{"line":2,"column":13}},"2":{"start":{"line":3,"column":0},"end":{"line":3,"column":43}},"3":{"start":{"line":4,"column":0},"end":{"line":4,"column":32}},"4":{"start":{"line":5,"column":0},"end":{"line":5,"column":37}},"5":{"start":{"line":6,"column":0},"end":{"line":6,"column":52}},"6":{"start":{"line":7,"column":0},"end":{"line":7,"column":44}},"7":{"start":{"line":8,"column":0},"end":{"line":8,"column":44}},"8":{"start":{"line":10,"column":16},"end":{"line":27,"column":1}},"9":{"start":{"line":11,"column":18},"end":{"line":25,"column":4}},"10":{"start":{"line":12,"column":15},"end":{"line":12,"column":34}},"11":{"start":{"line":13,"column":4},"end":{"line":13,"column":64}},"12":{"start":{"line":13,"column":26},"end":{"line":13,"column":62}},"13":{"start":{"line":14,"column":4},"end":{"line":14,"column":52}},"14":{"start":{"line":14,"column":30},"end":{"line":14,"column":50}},"15":{"start":{"line":15,"column":16},"end":{"line":15,"column":34}},"16":{"start":{"line":16,"column":4},"end":{"line":24,"column":7}},"17":{"start":{"line":17,"column":18},"end":{"line":17,"column":27}},"18":{"start":{"line":18,"column":6},"end":{"line":18,"column":33}},"19":{"start":{"line":19,"column":6},"end":{"line":19,"column":57}},"20":{"start":{"line":20,"column":6},"end":{"line":20,"column":42}},"21":{"start":{"line":21,"column":6},"end":{"line":21,"column":34}},"22":{"start":{"line":22,"column":6},"end":{"line":22,"column":34}},"23":{"start":{"line":23,"column":6},"end":{"line":23,"column":19}},"24":{"start":{"line":26,"column":2},"end":{"line":26,"column":17}},"25":{"start":{"line":29,"column":0},"end":{"line":29,"column":23}}},"fnMap":{"0":{"name":"(anonymous_1)","decl":{"start":{"line":10,"column":16},"end":{"line":10,"column":37}},"loc":{"start":{"line":10,"column":39},"end":{"line":27,"column":1}}},"1":{"name":"(anonymous_2)","decl":{"start":{"line":11,"column":39},"end":{"line":11,"column":40}},"loc":{"start":{"line":11,"column":51},"end":{"line":25,"column":3}}},"2":{"name":"(anonymous_3)","decl":{"start":{"line":13,"column":20},"end":{"line":13,"column":23}},"loc":{"start":{"line":13,"column":26},"end":{"line":13,"column":62}}},"3":{"name":"(anonymous_4)","decl":{"start":{"line":14,"column":19},"end":{"line":14,"column":20}},"loc":{"start":{"line":14,"column":30},"end":{"line":14,"column":50}}},"4":{"name":"(anonymous_5)","decl":{"start":{"line":16,"column":32},"end":{"line":16,"column":35}},"loc":{"start":{"line":16,"column":37},"end":{"line":24,"column":5}}}},"branchMap":{},"s":{"0":3,"1":3,"2":3,"3":3,"4":3,"5":3,"6":3,"7":3,"8":3,"9":3,"10":3,"11":3,"12":3,"13":3,"14":0,"15":3,"16":3,"17":3,"18":3,"19":3,"20":3,"21":3,"22":3,"23":3,"24":3,"25":3},"f":{"0":3,"1":3,"2":3,"3":0,"4":3},"b":{}}
,"C:\\Users\\97252\\Desktop\\לימודים\\שנה ג\\סמסטר א\\backend\\webApplication\\src\\common\\auth_middleware.ts": {"path":"C:\\Users\\97252\\Desktop\\לימודים\\שנה ג\\סמסטר א\\backend\\webApplication\\src\\common\\auth_middleware.ts","statementMap":{"0":{"start":{"line":2,"column":0},"end":{"line":2,"column":31}},"1":{"start":{"line":7,"column":23},"end":{"line":17,"column":1}},"2":{"start":{"line":8,"column":23},"end":{"line":8,"column":51}},"3":{"start":{"line":9,"column":18},"end":{"line":9,"column":56}},"4":{"start":{"line":10,"column":4},"end":{"line":10,"column":50}},"5":{"start":{"line":10,"column":23},"end":{"line":10,"column":50}},"6":{"start":{"line":11,"column":4},"end":{"line":16,"column":7}},"7":{"start":{"line":12,"column":8},"end":{"line":12,"column":25}},"8":{"start":{"line":13,"column":8},"end":{"line":13,"column":44}},"9":{"start":{"line":13,"column":17},"end":{"line":13,"column":44}},"10":{"start":{"line":14,"column":8},"end":{"line":14,"column":43}},"11":{"start":{"line":15,"column":8},"end":{"line":15,"column":15}},"12":{"start":{"line":19,"column":0},"end":{"line":19,"column":30}}},"fnMap":{"0":{"name":"(anonymous_1)","decl":{"start":{"line":7,"column":23},"end":{"line":7,"column":24}},"loc":{"start":{"line":7,"column":80},"end":{"line":17,"column":1}}},"1":{"name":"(anonymous_2)","decl":{"start":{"line":11,"column":46},"end":{"line":11,"column":47}},"loc":{"start":{"line":11,"column":60},"end":{"line":16,"column":5}}}},"branchMap":{"0":{"loc":{"start":{"line":9,"column":18},"end":{"line":9,"column":56}},"type":"binary-expr","locations":[{"start":{"line":9,"column":18},"end":{"line":9,"column":28}},{"start":{"line":9,"column":32},"end":{"line":9,"column":56}}]},"1":{"loc":{"start":{"line":10,"column":4},"end":{"line":10,"column":50}},"type":"if","locations":[{"start":{"line":10,"column":4},"end":{"line":10,"column":50}}]},"2":{"loc":{"start":{"line":13,"column":8},"end":{"line":13,"column":44}},"type":"if","locations":[{"start":{"line":13,"column":8},"end":{"line":13,"column":44}}]}},"s":{"0":3,"1":3,"2":15,"3":15,"4":15,"5":1,"6":14,"7":14,"8":14,"9":2,"10":12,"11":12,"12":3},"f":{"0":15,"1":14},"b":{"0":[15,14],"1":[1],"2":[2]}}
,"C:\\Users\\97252\\Desktop\\לימודים\\שנה ג\\סמסטר א\\backend\\webApplication\\src\\controllers\\Customer_controller.ts": {"path":"C:\\Users\\97252\\Desktop\\לימודים\\שנה ג\\סמסטר א\\backend\\webApplication\\src\\controllers\\Customer_controller.ts","statementMap":{"0":{"start":{"line":1,"column":0},"end":{"line":1,"column":68}},"1":{"start":{"line":2,"column":0},"end":{"line":2,"column":49}},"2":{"start":{"line":4,"column":27},"end":{"line":4,"column":69}},"3":{"start":{"line":6,"column":0},"end":{"line":6,"column":null}}},"fnMap":{},"branchMap":{},"s":{"0":3,"1":3,"2":3,"3":3},"f":{},"b":{}}
,"C:\\Users\\97252\\Desktop\\לימודים\\שנה ג\\סמסטר א\\backend\\webApplication\\src\\controllers\\auth_controller.ts": {"path":"C:\\Users\\97252\\Desktop\\לימודים\\שנה ג\\סמסטר א\\backend\\webApplication\\src\\controllers\\auth_controller.ts","statementMap":{"0":{"start":{"line":2,"column":0},"end":{"line":2,"column":40}},"1":{"start":{"line":3,"column":0},"end":{"line":3,"column":28}},"2":{"start":{"line":4,"column":0},"end":{"line":4,"column":31}},"3":{"start":{"line":6,"column":17},"end":{"line":24,"column":null}},"4":{"start":{"line":6,"column":55},"end":{"line":24,"column":null}},"5":{"start":{"line":7,"column":18},"end":{"line":7,"column":32}},"6":{"start":{"line":8,"column":21},"end":{"line":8,"column":38}},"7":{"start":{"line":9,"column":4},"end":{"line":11,"column":5}},"8":{"start":{"line":10,"column":8},"end":{"line":10,"column":65}},"9":{"start":{"line":12,"column":4},"end":{"line":23,"column":5}},"10":{"start":{"line":13,"column":19},"end":{"line":13,"column":57}},"11":{"start":{"line":14,"column":8},"end":{"line":16,"column":9}},"12":{"start":{"line":15,"column":12},"end":{"line":15,"column":64}},"13":{"start":{"line":17,"column":21},"end":{"line":17,"column":45}},"14":{"start":{"line":18,"column":34},"end":{"line":18,"column":67}},"15":{"start":{"line":19,"column":20},"end":{"line":19,"column":88}},"16":{"start":{"line":20,"column":8},"end":{"line":20,"column":41}},"17":{"start":{"line":22,"column":8},"end":{"line":22,"column":71}},"18":{"start":{"line":26,"column":14},"end":{"line":57,"column":null}},"19":{"start":{"line":26,"column":52},"end":{"line":57,"column":null}},"20":{"start":{"line":27,"column":18},"end":{"line":27,"column":32}},"21":{"start":{"line":28,"column":21},"end":{"line":28,"column":38}},"22":{"start":{"line":29,"column":4},"end":{"line":31,"column":5}},"23":{"start":{"line":30,"column":8},"end":{"line":30,"column":65}},"24":{"start":{"line":32,"column":4},"end":{"line":56,"column":5}},"25":{"start":{"line":33,"column":21},"end":{"line":33,"column":59}},"26":{"start":{"line":34,"column":8},"end":{"line":36,"column":9}},"27":{"start":{"line":35,"column":12},"end":{"line":35,"column":71}},"28":{"start":{"line":37,"column":22},"end":{"line":37,"column":67}},"29":{"start":{"line":38,"column":8},"end":{"line":40,"column":9}},"30":{"start":{"line":39,"column":12},"end":{"line":39,"column":71}},"31":{"start":{"line":42,"column":28},"end":{"line":42,"column":122}},"32":{"start":{"line":43,"column":29},"end":{"line":43,"column":88}},"33":{"start":{"line":44,"column":8},"end":{"line":48,"column":9}},"34":{"start":{"line":45,"column":12},"end":{"line":45,"column":48}},"35":{"start":{"line":47,"column":12},"end":{"line":47,"column":50}},"36":{"start":{"line":49,"column":8},"end":{"line":49,"column":26}},"37":{"start":{"line":50,"column":8},"end":{"line":53,"column":11}},"38":{"start":{"line":55,"column":8},"end":{"line":55,"column":71}},"39":{"start":{"line":59,"column":15},"end":{"line":81,"column":null}},"40":{"start":{"line":59,"column":53},"end":{"line":81,"column":null}},"41":{"start":{"line":60,"column":23},"end":{"line":60,"column":51}},"42":{"start":{"line":61,"column":25},"end":{"line":61,"column":63}},"43":{"start":{"line":62,"column":4},"end":{"line":62,"column":57}},"44":{"start":{"line":62,"column":30},"end":{"line":62,"column":57}},"45":{"start":{"line":63,"column":4},"end":{"line":80,"column":7}},"46":{"start":{"line":63,"column":100},"end":{"line":80,"column":6}},"47":{"start":{"line":64,"column":8},"end":{"line":64,"column":25}},"48":{"start":{"line":65,"column":8},"end":{"line":65,"column":44}},"49":{"start":{"line":65,"column":17},"end":{"line":65,"column":44}},"50":{"start":{"line":66,"column":8},"end":{"line":79,"column":9}},"51":{"start":{"line":67,"column":27},"end":{"line":67,"column":66}},"52":{"start":{"line":68,"column":12},"end":{"line":76,"column":13}},"53":{"start":{"line":69,"column":16},"end":{"line":69,"column":42}},"54":{"start":{"line":70,"column":16},"end":{"line":70,"column":36}},"55":{"start":{"line":71,"column":16},"end":{"line":71,"column":43}},"56":{"start":{"line":73,"column":16},"end":{"line":73,"column":92}},"57":{"start":{"line":73,"column":72},"end":{"line":73,"column":90}},"58":{"start":{"line":74,"column":16},"end":{"line":74,"column":36}},"59":{"start":{"line":75,"column":16},"end":{"line":75,"column":43}},"60":{"start":{"line":78,"column":12},"end":{"line":78,"column":50}},"61":{"start":{"line":83,"column":16},"end":{"line":112,"column":null}},"62":{"start":{"line":83,"column":54},"end":{"line":112,"column":null}},"63":{"start":{"line":84,"column":23},"end":{"line":84,"column":51}},"64":{"start":{"line":85,"column":25},"end":{"line":85,"column":63}},"65":{"start":{"line":86,"column":4},"end":{"line":86,"column":57}},"66":{"start":{"line":86,"column":30},"end":{"line":86,"column":57}},"67":{"start":{"line":87,"column":4},"end":{"line":111,"column":7}},"68":{"start":{"line":87,"column":100},"end":{"line":111,"column":6}},"69":{"start":{"line":88,"column":8},"end":{"line":91,"column":9}},"70":{"start":{"line":89,"column":12},"end":{"line":89,"column":29}},"71":{"start":{"line":90,"column":12},"end":{"line":90,"column":39}},"72":{"start":{"line":92,"column":8},"end":{"line":110,"column":9}},"73":{"start":{"line":93,"column":27},"end":{"line":93,"column":66}},"74":{"start":{"line":94,"column":12},"end":{"line":98,"column":13}},"75":{"start":{"line":95,"column":16},"end":{"line":95,"column":42}},"76":{"start":{"line":96,"column":16},"end":{"line":96,"column":36}},"77":{"start":{"line":97,"column":16},"end":{"line":97,"column":43}},"78":{"start":{"line":99,"column":32},"end":{"line":99,"column":126}},"79":{"start":{"line":100,"column":36},"end":{"line":100,"column":95}},"80":{"start":{"line":101,"column":12},"end":{"line":101,"column":88}},"81":{"start":{"line":101,"column":68},"end":{"line":101,"column":86}},"82":{"start":{"line":102,"column":12},"end":{"line":102,"column":55}},"83":{"start":{"line":103,"column":12},"end":{"line":103,"column":32}},"84":{"start":{"line":104,"column":12},"end":{"line":107,"column":15}},"85":{"start":{"line":109,"column":12},"end":{"line":109,"column":50}},"86":{"start":{"line":114,"column":0},"end":{"line":119,"column":null}}},"fnMap":{"0":{"name":"(anonymous_8)","decl":{"start":{"line":6,"column":17},"end":{"line":6,"column":24}},"loc":{"start":{"line":6,"column":55},"end":{"line":24,"column":null}}},"1":{"name":"(anonymous_9)","decl":{"start":{"line":6,"column":55},"end":{"line":6,"column":null}},"loc":{"start":{"line":6,"column":55},"end":{"line":24,"column":1}}},"2":{"name":"(anonymous_10)","decl":{"start":{"line":26,"column":14},"end":{"line":26,"column":21}},"loc":{"start":{"line":26,"column":52},"end":{"line":57,"column":null}}},"3":{"name":"(anonymous_11)","decl":{"start":{"line":26,"column":52},"end":{"line":26,"column":null}},"loc":{"start":{"line":26,"column":52},"end":{"line":57,"column":1}}},"4":{"name":"(anonymous_12)","decl":{"start":{"line":59,"column":15},"end":{"line":59,"column":22}},"loc":{"start":{"line":59,"column":53},"end":{"line":81,"column":null}}},"5":{"name":"(anonymous_13)","decl":{"start":{"line":59,"column":53},"end":{"line":59,"column":null}},"loc":{"start":{"line":59,"column":53},"end":{"line":81,"column":1}}},"6":{"name":"(anonymous_14)","decl":{"start":{"line":63,"column":61},"end":{"line":63,"column":68}},"loc":{"start":{"line":63,"column":100},"end":{"line":80,"column":6}}},"7":{"name":"(anonymous_15)","decl":{"start":{"line":63,"column":100},"end":{"line":63,"column":null}},"loc":{"start":{"line":63,"column":100},"end":{"line":80,"column":5}}},"8":{"name":"(anonymous_16)","decl":{"start":{"line":73,"column":67},"end":{"line":73,"column":68}},"loc":{"start":{"line":73,"column":72},"end":{"line":73,"column":90}}},"9":{"name":"(anonymous_17)","decl":{"start":{"line":83,"column":16},"end":{"line":83,"column":23}},"loc":{"start":{"line":83,"column":54},"end":{"line":112,"column":null}}},"10":{"name":"(anonymous_18)","decl":{"start":{"line":83,"column":54},"end":{"line":83,"column":null}},"loc":{"start":{"line":83,"column":54},"end":{"line":112,"column":1}}},"11":{"name":"(anonymous_19)","decl":{"start":{"line":87,"column":61},"end":{"line":87,"column":68}},"loc":{"start":{"line":87,"column":100},"end":{"line":111,"column":6}}},"12":{"name":"(anonymous_20)","decl":{"start":{"line":87,"column":100},"end":{"line":87,"column":null}},"loc":{"start":{"line":87,"column":100},"end":{"line":111,"column":5}}},"13":{"name":"(anonymous_21)","decl":{"start":{"line":101,"column":63},"end":{"line":101,"column":64}},"loc":{"start":{"line":101,"column":68},"end":{"line":101,"column":86}}}},"branchMap":{"0":{"loc":{"start":{"line":9,"column":4},"end":{"line":11,"column":5}},"type":"if","locations":[{"start":{"line":9,"column":4},"end":{"line":11,"column":5}}]},"1":{"loc":{"start":{"line":9,"column":8},"end":{"line":9,"column":27}},"type":"binary-expr","locations":[{"start":{"line":9,"column":8},"end":{"line":9,"column":14}},{"start":{"line":9,"column":18},"end":{"line":9,"column":27}}]},"2":{"loc":{"start":{"line":14,"column":8},"end":{"line":16,"column":9}},"type":"if","locations":[{"start":{"line":14,"column":8},"end":{"line":16,"column":9}}]},"3":{"loc":{"start":{"line":29,"column":4},"end":{"line":31,"column":5}},"type":"if","locations":[{"start":{"line":29,"column":4},"end":{"line":31,"column":5}}]},"4":{"loc":{"start":{"line":29,"column":8},"end":{"line":29,"column":27}},"type":"binary-expr","locations":[{"start":{"line":29,"column":8},"end":{"line":29,"column":14}},{"start":{"line":29,"column":18},"end":{"line":29,"column":27}}]},"5":{"loc":{"start":{"line":34,"column":8},"end":{"line":36,"column":9}},"type":"if","locations":[{"start":{"line":34,"column":8},"end":{"line":36,"column":9}}]},"6":{"loc":{"start":{"line":38,"column":8},"end":{"line":40,"column":9}},"type":"if","locations":[{"start":{"line":38,"column":8},"end":{"line":40,"column":9}}]},"7":{"loc":{"start":{"line":44,"column":8},"end":{"line":48,"column":9}},"type":"if","locations":[{"start":{"line":44,"column":8},"end":{"line":48,"column":9}},{"start":{"line":46,"column":15},"end":{"line":48,"column":9}}]},"8":{"loc":{"start":{"line":61,"column":25},"end":{"line":61,"column":63}},"type":"binary-expr","locations":[{"start":{"line":61,"column":25},"end":{"line":61,"column":35}},{"start":{"line":61,"column":39},"end":{"line":61,"column":63}}]},"9":{"loc":{"start":{"line":62,"column":4},"end":{"line":62,"column":57}},"type":"if","locations":[{"start":{"line":62,"column":4},"end":{"line":62,"column":57}}]},"10":{"loc":{"start":{"line":65,"column":8},"end":{"line":65,"column":44}},"type":"if","locations":[{"start":{"line":65,"column":8},"end":{"line":65,"column":44}}]},"11":{"loc":{"start":{"line":68,"column":12},"end":{"line":76,"column":13}},"type":"if","locations":[{"start":{"line":68,"column":12},"end":{"line":76,"column":13}},{"start":{"line":72,"column":19},"end":{"line":76,"column":13}}]},"12":{"loc":{"start":{"line":68,"column":16},"end":{"line":68,"column":85}},"type":"binary-expr","locations":[{"start":{"line":68,"column":16},"end":{"line":68,"column":37}},{"start":{"line":68,"column":41},"end":{"line":68,"column":85}}]},"13":{"loc":{"start":{"line":85,"column":25},"end":{"line":85,"column":63}},"type":"binary-expr","locations":[{"start":{"line":85,"column":25},"end":{"line":85,"column":35}},{"start":{"line":85,"column":39},"end":{"line":85,"column":63}}]},"14":{"loc":{"start":{"line":86,"column":4},"end":{"line":86,"column":57}},"type":"if","locations":[{"start":{"line":86,"column":4},"end":{"line":86,"column":57}}]},"15":{"loc":{"start":{"line":88,"column":8},"end":{"line":91,"column":9}},"type":"if","locations":[{"start":{"line":88,"column":8},"end":{"line":91,"column":9}}]},"16":{"loc":{"start":{"line":94,"column":12},"end":{"line":98,"column":13}},"type":"if","locations":[{"start":{"line":94,"column":12},"end":{"line":98,"column":13}}]},"17":{"loc":{"start":{"line":94,"column":16},"end":{"line":94,"column":85}},"type":"binary-expr","locations":[{"start":{"line":94,"column":16},"end":{"line":94,"column":37}},{"start":{"line":94,"column":41},"end":{"line":94,"column":85}}]}},"s":{"0":3,"1":3,"2":3,"3":3,"4":5,"5":5,"6":5,"7":5,"8":1,"9":4,"10":4,"11":4,"12":2,"13":2,"14":2,"15":2,"16":2,"17":0,"18":3,"19":4,"20":4,"21":4,"22":4,"23":0,"24":4,"25":4,"26":4,"27":0,"28":4,"29":4,"30":0,"31":4,"32":4,"33":4,"34":0,"35":4,"36":4,"37":4,"38":0,"39":3,"40":2,"41":2,"42":2,"43":2,"44":0,"45":2,"46":2,"47":2,"48":2,"49":0,"50":2,"51":2,"52":2,"53":1,"54":1,"55":1,"56":1,"57":1,"58":1,"59":1,"60":0,"61":3,"62":3,"63":3,"64":3,"65":3,"66":0,"67":3,"68":3,"69":3,"70":0,"71":0,"72":3,"73":3,"74":3,"75":2,"76":2,"77":2,"78":1,"79":1,"80":1,"81":1,"82":1,"83":1,"84":1,"85":0,"86":3},"f":{"0":5,"1":5,"2":4,"3":4,"4":2,"5":2,"6":2,"7":2,"8":1,"9":3,"10":3,"11":3,"12":3,"13":1},"b":{"0":[1],"1":[5,5],"2":[2],"3":[0],"4":[4,4],"5":[0],"6":[0],"7":[0,4],"8":[2,2],"9":[0],"10":[0],"11":[1,1],"12":[2,2],"13":[3,3],"14":[0],"15":[0],"16":[2],"17":[3,3]}}
,"C:\\Users\\97252\\Desktop\\לימודים\\שנה ג\\סמסטר א\\backend\\webApplication\\src\\controllers\\base_controller.ts": {"path":"C:\\Users\\97252\\Desktop\\לימודים\\שנה ג\\סמסטר א\\backend\\webApplication\\src\\controllers\\base_controller.ts","statementMap":{"0":{"start":{"line":8,"column":8},"end":{"line":8,"column":27}},"1":{"start":{"line":12,"column":8},"end":{"line":12,"column":38}},"2":{"start":{"line":13,"column":8},"end":{"line":23,"column":9}},"3":{"start":{"line":14,"column":12},"end":{"line":20,"column":13}},"4":{"start":{"line":15,"column":33},"end":{"line":15,"column":80}},"5":{"start":{"line":16,"column":16},"end":{"line":16,"column":35}},"6":{"start":{"line":18,"column":33},"end":{"line":18,"column":56}},"7":{"start":{"line":19,"column":16},"end":{"line":19,"column":35}},"8":{"start":{"line":22,"column":12},"end":{"line":22,"column":59}},"9":{"start":{"line":27,"column":8},"end":{"line":27,"column":55}},"10":{"start":{"line":28,"column":8},"end":{"line":33,"column":9}},"11":{"start":{"line":29,"column":28},"end":{"line":29,"column":68}},"12":{"start":{"line":30,"column":12},"end":{"line":30,"column":30}},"13":{"start":{"line":32,"column":12},"end":{"line":32,"column":59}},"14":{"start":{"line":37,"column":8},"end":{"line":37,"column":47}},"15":{"start":{"line":38,"column":8},"end":{"line":44,"column":9}},"16":{"start":{"line":39,"column":24},"end":{"line":39,"column":57}},"17":{"start":{"line":40,"column":12},"end":{"line":40,"column":38}},"18":{"start":{"line":42,"column":12},"end":{"line":42,"column":29}},"19":{"start":{"line":43,"column":12},"end":{"line":43,"column":57}},"20":{"start":{"line":48,"column":8},"end":{"line":48,"column":46}},"21":{"start":{"line":49,"column":8},"end":{"line":56,"column":9}},"22":{"start":{"line":50,"column":12},"end":{"line":50,"column":72}},"23":{"start":{"line":51,"column":24},"end":{"line":51,"column":64}},"24":{"start":{"line":52,"column":12},"end":{"line":52,"column":38}},"25":{"start":{"line":54,"column":12},"end":{"line":54,"column":29}},"26":{"start":{"line":55,"column":12},"end":{"line":55,"column":57}},"27":{"start":{"line":60,"column":8},"end":{"line":60,"column":46}},"28":{"start":{"line":61,"column":8},"end":{"line":67,"column":9}},"29":{"start":{"line":62,"column":12},"end":{"line":62,"column":62}},"30":{"start":{"line":63,"column":12},"end":{"line":63,"column":39}},"31":{"start":{"line":65,"column":12},"end":{"line":65,"column":29}},"32":{"start":{"line":66,"column":12},"end":{"line":66,"column":57}},"33":{"start":{"line":4,"column":0},"end":{"line":4,"column":13}},"34":{"start":{"line":71,"column":25},"end":{"line":73,"column":1}},"35":{"start":{"line":72,"column":4},"end":{"line":72,"column":48}},"36":{"start":{"line":75,"column":0},"end":{"line":75,"column":32}}},"fnMap":{"0":{"name":"(anonymous_7)","decl":{"start":{"line":7,"column":4},"end":{"line":7,"column":16}},"loc":{"start":{"line":7,"column":39},"end":{"line":9,"column":5}}},"1":{"name":"(anonymous_8)","decl":{"start":{"line":11,"column":10},"end":{"line":11,"column":13}},"loc":{"start":{"line":11,"column":41},"end":{"line":24,"column":null}}},"2":{"name":"(anonymous_10)","decl":{"start":{"line":26,"column":10},"end":{"line":26,"column":17}},"loc":{"start":{"line":26,"column":45},"end":{"line":34,"column":null}}},"3":{"name":"(anonymous_12)","decl":{"start":{"line":36,"column":10},"end":{"line":36,"column":14}},"loc":{"start":{"line":36,"column":42},"end":{"line":45,"column":null}}},"4":{"name":"(anonymous_14)","decl":{"start":{"line":47,"column":10},"end":{"line":47,"column":17}},"loc":{"start":{"line":47,"column":45},"end":{"line":57,"column":null}}},"5":{"name":"(anonymous_16)","decl":{"start":{"line":59,"column":10},"end":{"line":59,"column":20}},"loc":{"start":{"line":59,"column":48},"end":{"line":68,"column":null}}},"6":{"name":"(anonymous_18)","decl":{"start":{"line":71,"column":25},"end":{"line":71,"column":37}},"loc":{"start":{"line":71,"column":64},"end":{"line":73,"column":1}}}},"branchMap":{"0":{"loc":{"start":{"line":14,"column":12},"end":{"line":20,"column":13}},"type":"if","locations":[{"start":{"line":14,"column":12},"end":{"line":20,"column":13}},{"start":{"line":17,"column":19},"end":{"line":20,"column":13}}]}},"s":{"0":6,"1":6,"2":6,"3":6,"4":0,"5":0,"6":6,"7":6,"8":0,"9":1,"10":1,"11":1,"12":1,"13":0,"14":3,"15":3,"16":3,"17":2,"18":1,"19":1,"20":2,"21":2,"22":2,"23":2,"24":2,"25":0,"26":0,"27":2,"28":2,"29":2,"30":2,"31":0,"32":0,"33":3,"34":3,"35":3,"36":3},"f":{"0":6,"1":6,"2":1,"3":3,"4":2,"5":2,"6":3},"b":{"0":[0,6]}}
,"C:\\Users\\97252\\Desktop\\לימודים\\שנה ג\\סמסטר א\\backend\\webApplication\\src\\controllers\\post_controller.ts": {"path":"C:\\Users\\97252\\Desktop\\לימודים\\שנה ג\\סמסטר א\\backend\\webApplication\\src\\controllers\\post_controller.ts","statementMap":{"0":{"start":{"line":1,"column":0},"end":{"line":1,"column":51}},"1":{"start":{"line":2,"column":0},"end":{"line":2,"column":51}},"2":{"start":{"line":8,"column":8},"end":{"line":8,"column":null}},"3":{"start":{"line":12,"column":8},"end":{"line":12,"column":40}},"4":{"start":{"line":13,"column":20},"end":{"line":13,"column":32}},"5":{"start":{"line":14,"column":8},"end":{"line":14,"column":29}},"6":{"start":{"line":15,"column":8},"end":{"line":15,"column":29}},"7":{"start":{"line":19,"column":0},"end":{"line":19,"column":36}}},"fnMap":{"0":{"name":"(anonymous_8)","decl":{"start":{"line":7,"column":4},"end":{"line":7,"column":null}},"loc":{"start":{"line":7,"column":4},"end":{"line":9,"column":5}}},"1":{"name":"(anonymous_9)","decl":{"start":{"line":11,"column":10},"end":{"line":11,"column":14}},"loc":{"start":{"line":11,"column":47},"end":{"line":16,"column":null}}}},"branchMap":{},"s":{"0":3,"1":3,"2":3,"3":1,"4":1,"5":1,"6":1,"7":3},"f":{"0":3,"1":1},"b":{}}
,"C:\\Users\\97252\\Desktop\\לימודים\\שנה ג\\סמסטר א\\backend\\webApplication\\src\\models\\Customer_model.ts": {"path":"C:\\Users\\97252\\Desktop\\לימודים\\שנה ג\\סמסטר א\\backend\\webApplication\\src\\models\\Customer_model.ts","statementMap":{"0":{"start":{"line":1,"column":0},"end":{"line":1,"column":32}},"1":{"start":{"line":11,"column":23},"end":{"line":32,"column":2}},"2":{"start":{"line":34,"column":0},"end":{"line":34,"column":69}}},"fnMap":{},"branchMap":{},"s":{"0":3,"1":3,"2":3},"f":{},"b":{}}
,"C:\\Users\\97252\\Desktop\\לימודים\\שנה ג\\סמסטר א\\backend\\webApplication\\src\\models\\post_model.ts": {"path":"C:\\Users\\97252\\Desktop\\לימודים\\שנה ג\\סמסטר א\\backend\\webApplication\\src\\models\\post_model.ts","statementMap":{"0":{"start":{"line":1,"column":0},"end":{"line":1,"column":32}},"1":{"start":{"line":11,"column":19},"end":{"line":32,"column":2}},"2":{"start":{"line":34,"column":0},"end":{"line":34,"column":57}}},"fnMap":{},"branchMap":{},"s":{"0":3,"1":3,"2":3},"f":{},"b":{}}
,"C:\\Users\\97252\\Desktop\\לימודים\\שנה ג\\סמסטר א\\backend\\webApplication\\src\\models\\user_model.ts": {"path":"C:\\Users\\97252\\Desktop\\לימודים\\שנה ג\\סמסטר א\\backend\\webApplication\\src\\models\\user_model.ts","statementMap":{"0":{"start":{"line":1,"column":0},"end":{"line":1,"column":32}},"1":{"start":{"line":10,"column":19},"end":{"line":23,"column":2}},"2":{"start":{"line":25,"column":0},"end":{"line":25,"column":57}}},"fnMap":{},"branchMap":{},"s":{"0":3,"1":3,"2":3},"f":{},"b":{}}
,"C:\\Users\\97252\\Desktop\\לימודים\\שנה ג\\סמסטר א\\backend\\webApplication\\src\\routes\\Customer_route.ts": {"path":"C:\\Users\\97252\\Desktop\\לימודים\\שנה ג\\סמסטר א\\backend\\webApplication\\src\\routes\\Customer_route.ts","statementMap":{"0":{"start":{"line":1,"column":0},"end":{"line":1,"column":30}},"1":{"start":{"line":2,"column":15},"end":{"line":2,"column":31}},"2":{"start":{"line":3,"column":0},"end":{"line":3,"column":68}},"3":{"start":{"line":4,"column":0},"end":{"line":4,"column":55}},"4":{"start":{"line":6,"column":0},"end":{"line":6,"column":81}},"5":{"start":{"line":8,"column":0},"end":{"line":8,"column":88}},"6":{"start":{"line":10,"column":0},"end":{"line":10,"column":83}},"7":{"start":{"line":12,"column":0},"end":{"line":12,"column":88}},"8":{"start":{"line":14,"column":0},"end":{"line":14,"column":94}},"9":{"start":{"line":16,"column":0},"end":{"line":16,"column":22}}},"fnMap":{},"branchMap":{},"s":{"0":3,"1":3,"2":3,"3":3,"4":3,"5":3,"6":3,"7":3,"8":3,"9":3},"f":{},"b":{}}
,"C:\\Users\\97252\\Desktop\\לימודים\\שנה ג\\סמסטר א\\backend\\webApplication\\src\\routes\\auth_route.ts": {"path":"C:\\Users\\97252\\Desktop\\לימודים\\שנה ג\\סמסטר א\\backend\\webApplication\\src\\routes\\auth_route.ts","statementMap":{"0":{"start":{"line":1,"column":0},"end":{"line":1,"column":30}},"1":{"start":{"line":2,"column":15},"end":{"line":2,"column":31}},"2":{"start":{"line":3,"column":0},"end":{"line":3,"column":60}},"3":{"start":{"line":5,"column":0},"end":{"line":5,"column":50}},"4":{"start":{"line":6,"column":0},"end":{"line":6,"column":44}},"5":{"start":{"line":7,"column":0},"end":{"line":7,"column":45}},"6":{"start":{"line":8,"column":0},"end":{"line":8,"column":47}},"7":{"start":{"line":10,"column":0},"end":{"line":10,"column":22}}},"fnMap":{},"branchMap":{},"s":{"0":3,"1":3,"2":3,"3":3,"4":3,"5":3,"6":3,"7":3},"f":{},"b":{}}
,"C:\\Users\\97252\\Desktop\\לימודים\\שנה ג\\סמסטר א\\backend\\webApplication\\src\\routes\\post_route.ts": {"path":"C:\\Users\\97252\\Desktop\\לימודים\\שנה ג\\סמסטר א\\backend\\webApplication\\src\\routes\\post_route.ts","statementMap":{"0":{"start":{"line":1,"column":0},"end":{"line":1,"column":30}},"1":{"start":{"line":2,"column":15},"end":{"line":2,"column":31}},"2":{"start":{"line":3,"column":0},"end":{"line":3,"column":60}},"3":{"start":{"line":4,"column":0},"end":{"line":4,"column":55}},"4":{"start":{"line":6,"column":0},"end":{"line":6,"column":57}},"5":{"start":{"line":8,"column":0},"end":{"line":8,"column":64}},"6":{"start":{"line":10,"column":0},"end":{"line":10,"column":75}},"7":{"start":{"line":12,"column":0},"end":{"line":12,"column":80}},"8":{"start":{"line":14,"column":0},"end":{"line":14,"column":86}},"9":{"start":{"line":16,"column":0},"end":{"line":16,"column":22}}},"fnMap":{},"branchMap":{},"s":{"0":3,"1":3,"2":3,"3":3,"4":3,"5":3,"6":3,"7":3,"8":3,"9":3},"f":{},"b":{}}
}
