{"C:\\Users\\97252\\Desktop\\לימודים\\שנה ג\\סמסטר א\\backend\\webApplication\\src\\app.ts": {"path":"C:\\Users\\97252\\Desktop\\לימודים\\שנה ג\\סמסטר א\\backend\\webApplication\\src\\app.ts","statementMap":{"0":{"start":{"line":1,"column":0},"end":{"line":1,"column":25}},"1":{"start":{"line":2,"column":0},"end":{"line":2,"column":13}},"2":{"start":{"line":3,"column":0},"end":{"line":3,"column":43}},"3":{"start":{"line":4,"column":0},"end":{"line":4,"column":32}},"4":{"start":{"line":5,"column":0},"end":{"line":5,"column":37}},"5":{"start":{"line":6,"column":0},"end":{"line":6,"column":44}},"6":{"start":{"line":7,"column":0},"end":{"line":7,"column":44}},"7":{"start":{"line":8,"column":0},"end":{"line":8,"column":44}},"8":{"start":{"line":9,"column":0},"end":{"line":9,"column":50}},"9":{"start":{"line":10,"column":0},"end":{"line":10,"column":44}},"10":{"start":{"line":12,"column":16},"end":{"line":38,"column":1}},"11":{"start":{"line":13,"column":18},"end":{"line":36,"column":4}},"12":{"start":{"line":14,"column":15},"end":{"line":14,"column":34}},"13":{"start":{"line":15,"column":4},"end":{"line":15,"column":64}},"14":{"start":{"line":15,"column":26},"end":{"line":15,"column":62}},"15":{"start":{"line":16,"column":4},"end":{"line":16,"column":52}},"16":{"start":{"line":16,"column":30},"end":{"line":16,"column":50}},"17":{"start":{"line":17,"column":16},"end":{"line":17,"column":34}},"18":{"start":{"line":18,"column":4},"end":{"line":35,"column":7}},"19":{"start":{"line":19,"column":18},"end":{"line":19,"column":27}},"20":{"start":{"line":20,"column":6},"end":{"line":20,"column":33}},"21":{"start":{"line":21,"column":6},"end":{"line":21,"column":57}},"22":{"start":{"line":22,"column":6},"end":{"line":27,"column":null}},"23":{"start":{"line":23,"column":8},"end":{"line":23,"column":55}},"24":{"start":{"line":24,"column":8},"end":{"line":24,"column":56}},"25":{"start":{"line":25,"column":8},"end":{"line":25,"column":56}},"26":{"start":{"line":26,"column":8},"end":{"line":26,"column":15}},"27":{"start":{"line":28,"column":6},"end":{"line":28,"column":34}},"28":{"start":{"line":29,"column":6},"end":{"line":29,"column":34}},"29":{"start":{"line":30,"column":6},"end":{"line":30,"column":34}},"30":{"start":{"line":31,"column":6},"end":{"line":31,"column":40}},"31":{"start":{"line":32,"column":6},"end":{"line":32,"column":34}},"32":{"start":{"line":33,"column":6},"end":{"line":33,"column":51}},"33":{"start":{"line":34,"column":6},"end":{"line":34,"column":19}},"34":{"start":{"line":37,"column":2},"end":{"line":37,"column":17}},"35":{"start":{"line":40,"column":0},"end":{"line":40,"column":23}}},"fnMap":{"0":{"name":"(anonymous_1)","decl":{"start":{"line":12,"column":16},"end":{"line":12,"column":37}},"loc":{"start":{"line":12,"column":39},"end":{"line":38,"column":1}}},"1":{"name":"(anonymous_2)","decl":{"start":{"line":13,"column":39},"end":{"line":13,"column":40}},"loc":{"start":{"line":13,"column":51},"end":{"line":36,"column":3}}},"2":{"name":"(anonymous_3)","decl":{"start":{"line":15,"column":20},"end":{"line":15,"column":23}},"loc":{"start":{"line":15,"column":26},"end":{"line":15,"column":62}}},"3":{"name":"(anonymous_4)","decl":{"start":{"line":16,"column":19},"end":{"line":16,"column":20}},"loc":{"start":{"line":16,"column":30},"end":{"line":16,"column":50}}},"4":{"name":"(anonymous_5)","decl":{"start":{"line":18,"column":32},"end":{"line":18,"column":35}},"loc":{"start":{"line":18,"column":37},"end":{"line":35,"column":5}}},"5":{"name":"(anonymous_6)","decl":{"start":{"line":22,"column":14},"end":{"line":22,"column":15}},"loc":{"start":{"line":22,"column":33},"end":{"line":27,"column":7}}}},"branchMap":{},"s":{"0":6,"1":6,"2":6,"3":6,"4":6,"5":6,"6":6,"7":6,"8":6,"9":6,"10":6,"11":6,"12":6,"13":6,"14":6,"15":6,"16":0,"17":6,"18":6,"19":6,"20":6,"21":6,"22":6,"23":54,"24":54,"25":54,"26":54,"27":6,"28":6,"29":6,"30":6,"31":6,"32":6,"33":6,"34":6,"35":6},"f":{"0":6,"1":6,"2":6,"3":0,"4":6,"5":54},"b":{}}
,"C:\\Users\\97252\\Desktop\\לימודים\\שנה ג\\סמסטר א\\backend\\webApplication\\src\\common\\auth_middleware.ts": {"path":"C:\\Users\\97252\\Desktop\\לימודים\\שנה ג\\סמסטר א\\backend\\webApplication\\src\\common\\auth_middleware.ts","statementMap":{"0":{"start":{"line":2,"column":0},"end":{"line":2,"column":31}},"1":{"start":{"line":7,"column":23},"end":{"line":17,"column":1}},"2":{"start":{"line":8,"column":23},"end":{"line":8,"column":51}},"3":{"start":{"line":9,"column":18},"end":{"line":9,"column":56}},"4":{"start":{"line":10,"column":4},"end":{"line":10,"column":50}},"5":{"start":{"line":10,"column":23},"end":{"line":10,"column":50}},"6":{"start":{"line":11,"column":4},"end":{"line":16,"column":7}},"7":{"start":{"line":12,"column":8},"end":{"line":12,"column":25}},"8":{"start":{"line":13,"column":8},"end":{"line":13,"column":44}},"9":{"start":{"line":13,"column":17},"end":{"line":13,"column":44}},"10":{"start":{"line":14,"column":8},"end":{"line":14,"column":43}},"11":{"start":{"line":15,"column":8},"end":{"line":15,"column":15}},"12":{"start":{"line":19,"column":0},"end":{"line":19,"column":30}}},"fnMap":{"0":{"name":"(anonymous_1)","decl":{"start":{"line":7,"column":23},"end":{"line":7,"column":24}},"loc":{"start":{"line":7,"column":80},"end":{"line":17,"column":1}}},"1":{"name":"(anonymous_2)","decl":{"start":{"line":11,"column":46},"end":{"line":11,"column":47}},"loc":{"start":{"line":11,"column":60},"end":{"line":16,"column":5}}}},"branchMap":{"0":{"loc":{"start":{"line":9,"column":18},"end":{"line":9,"column":56}},"type":"binary-expr","locations":[{"start":{"line":9,"column":18},"end":{"line":9,"column":28}},{"start":{"line":9,"column":32},"end":{"line":9,"column":56}}]},"1":{"loc":{"start":{"line":10,"column":4},"end":{"line":10,"column":50}},"type":"if","locations":[{"start":{"line":10,"column":4},"end":{"line":10,"column":50}}]},"2":{"loc":{"start":{"line":13,"column":8},"end":{"line":13,"column":44}},"type":"if","locations":[{"start":{"line":13,"column":8},"end":{"line":13,"column":44}}]}},"s":{"0":6,"1":6,"2":21,"3":21,"4":21,"5":1,"6":20,"7":20,"8":20,"9":2,"10":18,"11":18,"12":6},"f":{"0":21,"1":20},"b":{"0":[21,20],"1":[1],"2":[2]}}
,"C:\\Users\\97252\\Desktop\\לימודים\\שנה ג\\סמסטר א\\backend\\webApplication\\src\\controllers\\auth_controller.ts": {"path":"C:\\Users\\97252\\Desktop\\לימודים\\שנה ג\\סמסטר א\\backend\\webApplication\\src\\controllers\\auth_controller.ts","statementMap":{"0":{"start":{"line":2,"column":0},"end":{"line":2,"column":52}},"1":{"start":{"line":3,"column":0},"end":{"line":3,"column":28}},"2":{"start":{"line":4,"column":0},"end":{"line":4,"column":31}},"3":{"start":{"line":5,"column":0},"end":{"line":5,"column":51}},"4":{"start":{"line":9,"column":15},"end":{"line":9,"column":33}},"5":{"start":{"line":10,"column":21},"end":{"line":48,"column":null}},"6":{"start":{"line":10,"column":59},"end":{"line":48,"column":null}},"7":{"start":{"line":11,"column":4},"end":{"line":11,"column":56}},"8":{"start":{"line":12,"column":4},"end":{"line":46,"column":5}},"9":{"start":{"line":13,"column":23},"end":{"line":16,"column":10}},"10":{"start":{"line":17,"column":24},"end":{"line":17,"column":43}},"11":{"start":{"line":19,"column":22},"end":{"line":19,"column":36}},"12":{"start":{"line":20,"column":8},"end":{"line":42,"column":9}},"13":{"start":{"line":21,"column":23},"end":{"line":21,"column":61}},"14":{"start":{"line":22,"column":12},"end":{"line":33,"column":13}},"15":{"start":{"line":23,"column":16},"end":{"line":32,"column":23}},"16":{"start":{"line":34,"column":27},"end":{"line":34,"column":53}},"17":{"start":{"line":35,"column":12},"end":{"line":41,"column":null}},"18":{"start":{"line":44,"column":8},"end":{"line":44,"column":36}},"19":{"start":{"line":45,"column":8},"end":{"line":45,"column":49}},"20":{"start":{"line":50,"column":23},"end":{"line":64,"column":null}},"21":{"start":{"line":50,"column":56},"end":{"line":64,"column":null}},"22":{"start":{"line":51,"column":24},"end":{"line":51,"column":118}},"23":{"start":{"line":53,"column":25},"end":{"line":53,"column":84}},"24":{"start":{"line":54,"column":4},"end":{"line":58,"column":5}},"25":{"start":{"line":55,"column":8},"end":{"line":55,"column":44}},"26":{"start":{"line":57,"column":8},"end":{"line":57,"column":46}},"27":{"start":{"line":59,"column":4},"end":{"line":59,"column":22}},"28":{"start":{"line":60,"column":4},"end":{"line":63,"column":6}},"29":{"start":{"line":66,"column":17},"end":{"line":111,"column":null}},"30":{"start":{"line":66,"column":55},"end":{"line":111,"column":null}},"31":{"start":{"line":67,"column":21},"end":{"line":67,"column":38}},"32":{"start":{"line":68,"column":16},"end":{"line":68,"column":28}},"33":{"start":{"line":69,"column":19},"end":{"line":69,"column":34}},"34":{"start":{"line":70,"column":15},"end":{"line":70,"column":27}},"35":{"start":{"line":71,"column":18},"end":{"line":71,"column":32}},"36":{"start":{"line":72,"column":21},"end":{"line":72,"column":38}},"37":{"start":{"line":73,"column":18},"end":{"line":73,"column":32}},"38":{"start":{"line":74,"column":4},"end":{"line":74,"column":41}},"39":{"start":{"line":75,"column":4},"end":{"line":75,"column":38}},"40":{"start":{"line":76,"column":4},"end":{"line":78,"column":5}},"41":{"start":{"line":77,"column":8},"end":{"line":77,"column":65}},"42":{"start":{"line":79,"column":4},"end":{"line":79,"column":24}},"43":{"start":{"line":80,"column":4},"end":{"line":110,"column":5}},"44":{"start":{"line":81,"column":19},"end":{"line":81,"column":57}},"45":{"start":{"line":82,"column":8},"end":{"line":84,"column":9}},"46":{"start":{"line":83,"column":12},"end":{"line":83,"column":64}},"47":{"start":{"line":85,"column":21},"end":{"line":85,"column":45}},"48":{"start":{"line":86,"column":34},"end":{"line":86,"column":67}},"49":{"start":{"line":87,"column":20},"end":{"line":94,"column":40}},"50":{"start":{"line":96,"column":23},"end":{"line":96,"column":48}},"51":{"start":{"line":97,"column":8},"end":{"line":106,"column":11}},"52":{"start":{"line":108,"column":8},"end":{"line":108,"column":39}},"53":{"start":{"line":109,"column":8},"end":{"line":109,"column":41}},"54":{"start":{"line":113,"column":14},"end":{"line":141,"column":null}},"55":{"start":{"line":113,"column":52},"end":{"line":141,"column":null}},"56":{"start":{"line":114,"column":18},"end":{"line":114,"column":32}},"57":{"start":{"line":115,"column":21},"end":{"line":115,"column":38}},"58":{"start":{"line":116,"column":4},"end":{"line":118,"column":5}},"59":{"start":{"line":117,"column":8},"end":{"line":117,"column":65}},"60":{"start":{"line":119,"column":4},"end":{"line":140,"column":5}},"61":{"start":{"line":120,"column":21},"end":{"line":120,"column":59}},"62":{"start":{"line":121,"column":8},"end":{"line":123,"column":9}},"63":{"start":{"line":122,"column":12},"end":{"line":122,"column":71}},"64":{"start":{"line":124,"column":22},"end":{"line":124,"column":67}},"65":{"start":{"line":125,"column":8},"end":{"line":127,"column":9}},"66":{"start":{"line":126,"column":12},"end":{"line":126,"column":71}},"67":{"start":{"line":128,"column":23},"end":{"line":128,"column":49}},"68":{"start":{"line":129,"column":8},"end":{"line":137,"column":11}},"69":{"start":{"line":139,"column":8},"end":{"line":139,"column":71}},"70":{"start":{"line":143,"column":15},"end":{"line":167,"column":null}},"71":{"start":{"line":143,"column":53},"end":{"line":167,"column":null}},"72":{"start":{"line":144,"column":23},"end":{"line":144,"column":51}},"73":{"start":{"line":145,"column":25},"end":{"line":145,"column":63}},"74":{"start":{"line":146,"column":4},"end":{"line":146,"column":57}},"75":{"start":{"line":146,"column":30},"end":{"line":146,"column":57}},"76":{"start":{"line":147,"column":4},"end":{"line":166,"column":7}},"77":{"start":{"line":147,"column":100},"end":{"line":166,"column":6}},"78":{"start":{"line":148,"column":8},"end":{"line":148,"column":39}},"79":{"start":{"line":149,"column":8},"end":{"line":149,"column":44}},"80":{"start":{"line":149,"column":17},"end":{"line":149,"column":44}},"81":{"start":{"line":150,"column":8},"end":{"line":165,"column":9}},"82":{"start":{"line":151,"column":27},"end":{"line":151,"column":66}},"83":{"start":{"line":152,"column":12},"end":{"line":161,"column":13}},"84":{"start":{"line":153,"column":16},"end":{"line":153,"column":42}},"85":{"start":{"line":154,"column":16},"end":{"line":154,"column":36}},"86":{"start":{"line":155,"column":16},"end":{"line":155,"column":43}},"87":{"start":{"line":157,"column":16},"end":{"line":157,"column":92}},"88":{"start":{"line":157,"column":72},"end":{"line":157,"column":90}},"89":{"start":{"line":158,"column":16},"end":{"line":158,"column":36}},"90":{"start":{"line":159,"column":16},"end":{"line":159,"column":46}},"91":{"start":{"line":160,"column":16},"end":{"line":160,"column":43}},"92":{"start":{"line":163,"column":12},"end":{"line":163,"column":44}},"93":{"start":{"line":164,"column":12},"end":{"line":164,"column":50}},"94":{"start":{"line":169,"column":16},"end":{"line":208,"column":null}},"95":{"start":{"line":169,"column":54},"end":{"line":208,"column":null}},"96":{"start":{"line":170,"column":23},"end":{"line":170,"column":51}},"97":{"start":{"line":171,"column":4},"end":{"line":171,"column":47}},"98":{"start":{"line":172,"column":25},"end":{"line":172,"column":63}},"99":{"start":{"line":173,"column":4},"end":{"line":173,"column":52}},"100":{"start":{"line":174,"column":4},"end":{"line":174,"column":48}},"101":{"start":{"line":175,"column":4},"end":{"line":175,"column":57}},"102":{"start":{"line":175,"column":30},"end":{"line":175,"column":57}},"103":{"start":{"line":176,"column":4},"end":{"line":207,"column":7}},"104":{"start":{"line":176,"column":100},"end":{"line":207,"column":6}},"105":{"start":{"line":177,"column":8},"end":{"line":180,"column":9}},"106":{"start":{"line":178,"column":12},"end":{"line":178,"column":46}},"107":{"start":{"line":179,"column":12},"end":{"line":179,"column":39}},"108":{"start":{"line":181,"column":8},"end":{"line":206,"column":9}},"109":{"start":{"line":182,"column":27},"end":{"line":182,"column":66}},"110":{"start":{"line":183,"column":12},"end":{"line":186,"column":15}},"111":{"start":{"line":184,"column":16},"end":{"line":184,"column":46}},"112":{"start":{"line":185,"column":16},"end":{"line":185,"column":43}},"113":{"start":{"line":187,"column":12},"end":{"line":187,"column":42}},"114":{"start":{"line":188,"column":12},"end":{"line":193,"column":13}},"115":{"start":{"line":189,"column":16},"end":{"line":189,"column":50}},"116":{"start":{"line":190,"column":16},"end":{"line":190,"column":42}},"117":{"start":{"line":191,"column":16},"end":{"line":191,"column":36}},"118":{"start":{"line":192,"column":16},"end":{"line":192,"column":43}},"119":{"start":{"line":194,"column":32},"end":{"line":194,"column":126}},"120":{"start":{"line":195,"column":36},"end":{"line":195,"column":95}},"121":{"start":{"line":196,"column":12},"end":{"line":196,"column":88}},"122":{"start":{"line":196,"column":68},"end":{"line":196,"column":86}},"123":{"start":{"line":197,"column":12},"end":{"line":197,"column":55}},"124":{"start":{"line":198,"column":12},"end":{"line":198,"column":32}},"125":{"start":{"line":199,"column":12},"end":{"line":202,"column":15}},"126":{"start":{"line":204,"column":12},"end":{"line":204,"column":47}},"127":{"start":{"line":205,"column":12},"end":{"line":205,"column":50}},"128":{"start":{"line":210,"column":0},"end":{"line":217,"column":null}}},"fnMap":{"0":{"name":"(anonymous_8)","decl":{"start":{"line":10,"column":21},"end":{"line":10,"column":28}},"loc":{"start":{"line":10,"column":59},"end":{"line":48,"column":null}}},"1":{"name":"(anonymous_9)","decl":{"start":{"line":10,"column":59},"end":{"line":10,"column":null}},"loc":{"start":{"line":10,"column":59},"end":{"line":48,"column":1}}},"2":{"name":"(anonymous_10)","decl":{"start":{"line":50,"column":23},"end":{"line":50,"column":30}},"loc":{"start":{"line":50,"column":56},"end":{"line":64,"column":null}}},"3":{"name":"(anonymous_11)","decl":{"start":{"line":50,"column":56},"end":{"line":50,"column":null}},"loc":{"start":{"line":50,"column":56},"end":{"line":64,"column":1}}},"4":{"name":"(anonymous_12)","decl":{"start":{"line":66,"column":17},"end":{"line":66,"column":24}},"loc":{"start":{"line":66,"column":55},"end":{"line":111,"column":null}}},"5":{"name":"(anonymous_13)","decl":{"start":{"line":66,"column":55},"end":{"line":66,"column":null}},"loc":{"start":{"line":66,"column":55},"end":{"line":111,"column":1}}},"6":{"name":"(anonymous_14)","decl":{"start":{"line":113,"column":14},"end":{"line":113,"column":21}},"loc":{"start":{"line":113,"column":52},"end":{"line":141,"column":null}}},"7":{"name":"(anonymous_15)","decl":{"start":{"line":113,"column":52},"end":{"line":113,"column":null}},"loc":{"start":{"line":113,"column":52},"end":{"line":141,"column":1}}},"8":{"name":"(anonymous_16)","decl":{"start":{"line":143,"column":15},"end":{"line":143,"column":22}},"loc":{"start":{"line":143,"column":53},"end":{"line":167,"column":null}}},"9":{"name":"(anonymous_17)","decl":{"start":{"line":143,"column":53},"end":{"line":143,"column":null}},"loc":{"start":{"line":143,"column":53},"end":{"line":167,"column":1}}},"10":{"name":"(anonymous_18)","decl":{"start":{"line":147,"column":61},"end":{"line":147,"column":68}},"loc":{"start":{"line":147,"column":100},"end":{"line":166,"column":6}}},"11":{"name":"(anonymous_19)","decl":{"start":{"line":147,"column":100},"end":{"line":147,"column":null}},"loc":{"start":{"line":147,"column":100},"end":{"line":166,"column":5}}},"12":{"name":"(anonymous_20)","decl":{"start":{"line":157,"column":67},"end":{"line":157,"column":68}},"loc":{"start":{"line":157,"column":72},"end":{"line":157,"column":90}}},"13":{"name":"(anonymous_21)","decl":{"start":{"line":169,"column":16},"end":{"line":169,"column":23}},"loc":{"start":{"line":169,"column":54},"end":{"line":208,"column":null}}},"14":{"name":"(anonymous_22)","decl":{"start":{"line":169,"column":54},"end":{"line":169,"column":null}},"loc":{"start":{"line":169,"column":54},"end":{"line":208,"column":1}}},"15":{"name":"(anonymous_23)","decl":{"start":{"line":176,"column":61},"end":{"line":176,"column":68}},"loc":{"start":{"line":176,"column":100},"end":{"line":207,"column":6}}},"16":{"name":"(anonymous_24)","decl":{"start":{"line":176,"column":100},"end":{"line":176,"column":null}},"loc":{"start":{"line":176,"column":100},"end":{"line":207,"column":5}}},"17":{"name":"(anonymous_25)","decl":{"start":{"line":196,"column":63},"end":{"line":196,"column":64}},"loc":{"start":{"line":196,"column":68},"end":{"line":196,"column":86}}}},"branchMap":{"0":{"loc":{"start":{"line":19,"column":22},"end":{"line":19,"column":36}},"type":"cond-expr","locations":[{"start":{"line":19,"column":29},"end":{"line":19,"column":31}},{"start":{"line":19,"column":22},"end":{"line":19,"column":36}}]},"1":{"loc":{"start":{"line":19,"column":22},"end":{"line":19,"column":31}},"type":"binary-expr","locations":[{"start":{"line":19,"column":22},"end":{"line":19,"column":31}},{"start":{"line":19,"column":22},"end":{"line":19,"column":31}}]},"2":{"loc":{"start":{"line":20,"column":8},"end":{"line":42,"column":9}},"type":"if","locations":[{"start":{"line":20,"column":8},"end":{"line":42,"column":9}}]},"3":{"loc":{"start":{"line":22,"column":12},"end":{"line":33,"column":13}},"type":"if","locations":[{"start":{"line":22,"column":12},"end":{"line":33,"column":13}}]},"4":{"loc":{"start":{"line":25,"column":36},"end":{"line":25,"column":49}},"type":"cond-expr","locations":[{"start":{"line":25,"column":43},"end":{"line":25,"column":45}},{"start":{"line":25,"column":36},"end":{"line":25,"column":49}}]},"5":{"loc":{"start":{"line":25,"column":36},"end":{"line":25,"column":45}},"type":"binary-expr","locations":[{"start":{"line":25,"column":36},"end":{"line":25,"column":45}},{"start":{"line":25,"column":36},"end":{"line":25,"column":45}}]},"6":{"loc":{"start":{"line":26,"column":31},"end":{"line":26,"column":43}},"type":"cond-expr","locations":[{"start":{"line":26,"column":38},"end":{"line":26,"column":40}},{"start":{"line":26,"column":31},"end":{"line":26,"column":43}}]},"7":{"loc":{"start":{"line":26,"column":31},"end":{"line":26,"column":40}},"type":"binary-expr","locations":[{"start":{"line":26,"column":31},"end":{"line":26,"column":40}},{"start":{"line":26,"column":31},"end":{"line":26,"column":40}}]},"8":{"loc":{"start":{"line":31,"column":33},"end":{"line":31,"column":49}},"type":"cond-expr","locations":[{"start":{"line":31,"column":40},"end":{"line":31,"column":42}},{"start":{"line":31,"column":33},"end":{"line":31,"column":49}}]},"9":{"loc":{"start":{"line":31,"column":33},"end":{"line":31,"column":42}},"type":"binary-expr","locations":[{"start":{"line":31,"column":33},"end":{"line":31,"column":42}},{"start":{"line":31,"column":33},"end":{"line":31,"column":42}}]},"10":{"loc":{"start":{"line":54,"column":4},"end":{"line":58,"column":5}},"type":"if","locations":[{"start":{"line":54,"column":4},"end":{"line":58,"column":5}},{"start":{"line":56,"column":11},"end":{"line":58,"column":5}}]},"11":{"loc":{"start":{"line":76,"column":4},"end":{"line":78,"column":5}},"type":"if","locations":[{"start":{"line":76,"column":4},"end":{"line":78,"column":5}}]},"12":{"loc":{"start":{"line":76,"column":8},"end":{"line":76,"column":27}},"type":"binary-expr","locations":[{"start":{"line":76,"column":8},"end":{"line":76,"column":14}},{"start":{"line":76,"column":18},"end":{"line":76,"column":27}}]},"13":{"loc":{"start":{"line":82,"column":8},"end":{"line":84,"column":9}},"type":"if","locations":[{"start":{"line":82,"column":8},"end":{"line":84,"column":9}}]},"14":{"loc":{"start":{"line":116,"column":4},"end":{"line":118,"column":5}},"type":"if","locations":[{"start":{"line":116,"column":4},"end":{"line":118,"column":5}}]},"15":{"loc":{"start":{"line":116,"column":8},"end":{"line":116,"column":27}},"type":"binary-expr","locations":[{"start":{"line":116,"column":8},"end":{"line":116,"column":14}},{"start":{"line":116,"column":18},"end":{"line":116,"column":27}}]},"16":{"loc":{"start":{"line":121,"column":8},"end":{"line":123,"column":9}},"type":"if","locations":[{"start":{"line":121,"column":8},"end":{"line":123,"column":9}}]},"17":{"loc":{"start":{"line":125,"column":8},"end":{"line":127,"column":9}},"type":"if","locations":[{"start":{"line":125,"column":8},"end":{"line":127,"column":9}}]},"18":{"loc":{"start":{"line":145,"column":25},"end":{"line":145,"column":63}},"type":"binary-expr","locations":[{"start":{"line":145,"column":25},"end":{"line":145,"column":35}},{"start":{"line":145,"column":39},"end":{"line":145,"column":63}}]},"19":{"loc":{"start":{"line":146,"column":4},"end":{"line":146,"column":57}},"type":"if","locations":[{"start":{"line":146,"column":4},"end":{"line":146,"column":57}}]},"20":{"loc":{"start":{"line":149,"column":8},"end":{"line":149,"column":44}},"type":"if","locations":[{"start":{"line":149,"column":8},"end":{"line":149,"column":44}}]},"21":{"loc":{"start":{"line":152,"column":12},"end":{"line":161,"column":13}},"type":"if","locations":[{"start":{"line":152,"column":12},"end":{"line":161,"column":13}},{"start":{"line":156,"column":19},"end":{"line":161,"column":13}}]},"22":{"loc":{"start":{"line":152,"column":16},"end":{"line":152,"column":85}},"type":"binary-expr","locations":[{"start":{"line":152,"column":16},"end":{"line":152,"column":37}},{"start":{"line":152,"column":41},"end":{"line":152,"column":85}}]},"23":{"loc":{"start":{"line":172,"column":25},"end":{"line":172,"column":63}},"type":"binary-expr","locations":[{"start":{"line":172,"column":25},"end":{"line":172,"column":35}},{"start":{"line":172,"column":39},"end":{"line":172,"column":63}}]},"24":{"loc":{"start":{"line":175,"column":4},"end":{"line":175,"column":57}},"type":"if","locations":[{"start":{"line":175,"column":4},"end":{"line":175,"column":57}}]},"25":{"loc":{"start":{"line":177,"column":8},"end":{"line":180,"column":9}},"type":"if","locations":[{"start":{"line":177,"column":8},"end":{"line":180,"column":9}}]},"26":{"loc":{"start":{"line":183,"column":12},"end":{"line":186,"column":15}},"type":"if","locations":[{"start":{"line":183,"column":12},"end":{"line":186,"column":15}}]},"27":{"loc":{"start":{"line":188,"column":12},"end":{"line":193,"column":13}},"type":"if","locations":[{"start":{"line":188,"column":12},"end":{"line":193,"column":13}}]},"28":{"loc":{"start":{"line":188,"column":16},"end":{"line":188,"column":85}},"type":"binary-expr","locations":[{"start":{"line":188,"column":16},"end":{"line":188,"column":37}},{"start":{"line":188,"column":41},"end":{"line":188,"column":85}}]}},"s":{"0":6,"1":6,"2":6,"3":6,"4":6,"5":6,"6":1,"7":1,"8":1,"9":1,"10":1,"11":1,"12":1,"13":1,"14":1,"15":1,"16":1,"17":1,"18":0,"19":0,"20":6,"21":8,"22":8,"23":8,"24":8,"25":1,"26":7,"27":8,"28":8,"29":6,"30":9,"31":9,"32":9,"33":9,"34":9,"35":9,"36":9,"37":9,"38":9,"39":9,"40":9,"41":4,"42":5,"43":5,"44":5,"45":5,"46":2,"47":3,"48":3,"49":3,"50":3,"51":3,"52":0,"53":0,"54":6,"55":10,"56":10,"57":10,"58":10,"59":3,"60":7,"61":7,"62":7,"63":3,"64":4,"65":4,"66":0,"67":4,"68":4,"69":0,"70":6,"71":4,"72":4,"73":4,"74":4,"75":1,"76":3,"77":3,"78":3,"79":3,"80":1,"81":2,"82":2,"83":2,"84":1,"85":1,"86":1,"87":1,"88":3,"89":1,"90":1,"91":1,"92":0,"93":0,"94":6,"95":1,"96":1,"97":1,"98":1,"99":1,"100":1,"101":1,"102":0,"103":1,"104":1,"105":1,"106":0,"107":0,"108":1,"109":1,"110":1,"111":0,"112":0,"113":1,"114":1,"115":0,"116":0,"117":0,"118":0,"119":1,"120":1,"121":1,"122":2,"123":1,"124":1,"125":1,"126":0,"127":0,"128":6},"f":{"0":1,"1":1,"2":8,"3":8,"4":9,"5":9,"6":10,"7":10,"8":4,"9":4,"10":3,"11":3,"12":3,"13":1,"14":1,"15":1,"16":1,"17":2},"b":{"0":[0,1],"1":[1,1],"2":[1],"3":[1],"4":[0,1],"5":[1,1],"6":[0,1],"7":[1,1],"8":[0,1],"9":[1,1],"10":[1,7],"11":[4],"12":[9,6],"13":[2],"14":[3],"15":[10,8],"16":[3],"17":[0],"18":[4,3],"19":[1],"20":[1],"21":[1,1],"22":[2,2],"23":[1,1],"24":[0],"25":[0],"26":[0],"27":[0],"28":[1,1]}}
,"C:\\Users\\97252\\Desktop\\לימודים\\שנה ג\\סמסטר א\\backend\\webApplication\\src\\controllers\\base_controller.ts": {"path":"C:\\Users\\97252\\Desktop\\לימודים\\שנה ג\\סמסטר א\\backend\\webApplication\\src\\controllers\\base_controller.ts","statementMap":{"0":{"start":{"line":8,"column":8},"end":{"line":8,"column":27}},"1":{"start":{"line":12,"column":8},"end":{"line":12,"column":30}},"2":{"start":{"line":13,"column":8},"end":{"line":23,"column":9}},"3":{"start":{"line":18,"column":33},"end":{"line":18,"column":56}},"4":{"start":{"line":19,"column":16},"end":{"line":19,"column":35}},"5":{"start":{"line":22,"column":12},"end":{"line":22,"column":59}},"6":{"start":{"line":27,"column":8},"end":{"line":27,"column":48}},"7":{"start":{"line":28,"column":8},"end":{"line":33,"column":9}},"8":{"start":{"line":29,"column":28},"end":{"line":29,"column":68}},"9":{"start":{"line":30,"column":12},"end":{"line":30,"column":30}},"10":{"start":{"line":32,"column":12},"end":{"line":32,"column":59}},"11":{"start":{"line":37,"column":8},"end":{"line":37,"column":40}},"12":{"start":{"line":38,"column":8},"end":{"line":44,"column":9}},"13":{"start":{"line":39,"column":24},"end":{"line":39,"column":57}},"14":{"start":{"line":40,"column":12},"end":{"line":40,"column":38}},"15":{"start":{"line":42,"column":12},"end":{"line":42,"column":29}},"16":{"start":{"line":43,"column":12},"end":{"line":43,"column":57}},"17":{"start":{"line":48,"column":8},"end":{"line":48,"column":43}},"18":{"start":{"line":49,"column":8},"end":{"line":56,"column":9}},"19":{"start":{"line":50,"column":12},"end":{"line":50,"column":72}},"20":{"start":{"line":51,"column":24},"end":{"line":51,"column":64}},"21":{"start":{"line":52,"column":12},"end":{"line":52,"column":38}},"22":{"start":{"line":54,"column":12},"end":{"line":54,"column":29}},"23":{"start":{"line":55,"column":12},"end":{"line":55,"column":57}},"24":{"start":{"line":60,"column":8},"end":{"line":60,"column":46}},"25":{"start":{"line":61,"column":8},"end":{"line":67,"column":9}},"26":{"start":{"line":62,"column":12},"end":{"line":62,"column":62}},"27":{"start":{"line":63,"column":12},"end":{"line":63,"column":39}},"28":{"start":{"line":65,"column":12},"end":{"line":65,"column":29}},"29":{"start":{"line":66,"column":12},"end":{"line":66,"column":57}},"30":{"start":{"line":4,"column":0},"end":{"line":4,"column":13}},"31":{"start":{"line":71,"column":25},"end":{"line":73,"column":1}},"32":{"start":{"line":72,"column":4},"end":{"line":72,"column":48}},"33":{"start":{"line":75,"column":0},"end":{"line":75,"column":32}}},"fnMap":{"0":{"name":"(anonymous_7)","decl":{"start":{"line":7,"column":4},"end":{"line":7,"column":16}},"loc":{"start":{"line":7,"column":39},"end":{"line":9,"column":5}}},"1":{"name":"(anonymous_8)","decl":{"start":{"line":11,"column":10},"end":{"line":11,"column":13}},"loc":{"start":{"line":11,"column":41},"end":{"line":24,"column":null}}},"2":{"name":"(anonymous_10)","decl":{"start":{"line":26,"column":10},"end":{"line":26,"column":17}},"loc":{"start":{"line":26,"column":45},"end":{"line":34,"column":null}}},"3":{"name":"(anonymous_12)","decl":{"start":{"line":36,"column":10},"end":{"line":36,"column":14}},"loc":{"start":{"line":36,"column":42},"end":{"line":45,"column":null}}},"4":{"name":"(anonymous_14)","decl":{"start":{"line":47,"column":10},"end":{"line":47,"column":17}},"loc":{"start":{"line":47,"column":45},"end":{"line":57,"column":null}}},"5":{"name":"(anonymous_16)","decl":{"start":{"line":59,"column":10},"end":{"line":59,"column":20}},"loc":{"start":{"line":59,"column":48},"end":{"line":68,"column":null}}},"6":{"name":"(anonymous_18)","decl":{"start":{"line":71,"column":25},"end":{"line":71,"column":37}},"loc":{"start":{"line":71,"column":64},"end":{"line":73,"column":1}}}},"branchMap":{},"s":{"0":12,"1":7,"2":7,"3":7,"4":7,"5":0,"6":1,"7":1,"8":1,"9":1,"10":0,"11":4,"12":4,"13":4,"14":3,"15":1,"16":1,"17":3,"18":3,"19":3,"20":2,"21":2,"22":1,"23":1,"24":4,"25":4,"26":4,"27":3,"28":1,"29":1,"30":6,"31":6,"32":6,"33":6},"f":{"0":12,"1":7,"2":1,"3":4,"4":3,"5":4,"6":6},"b":{}}
,"C:\\Users\\97252\\Desktop\\לימודים\\שנה ג\\סמסטר א\\backend\\webApplication\\src\\controllers\\post_controller.ts": {"path":"C:\\Users\\97252\\Desktop\\לימודים\\שנה ג\\סמסטר א\\backend\\webApplication\\src\\controllers\\post_controller.ts","statementMap":{"0":{"start":{"line":1,"column":0},"end":{"line":1,"column":51}},"1":{"start":{"line":2,"column":0},"end":{"line":2,"column":51}},"2":{"start":{"line":8,"column":8},"end":{"line":8,"column":null}},"3":{"start":{"line":12,"column":8},"end":{"line":12,"column":40}},"4":{"start":{"line":13,"column":20},"end":{"line":13,"column":32}},"5":{"start":{"line":14,"column":8},"end":{"line":14,"column":29}},"6":{"start":{"line":15,"column":8},"end":{"line":15,"column":29}},"7":{"start":{"line":20,"column":8},"end":{"line":20,"column":46}},"8":{"start":{"line":21,"column":8},"end":{"line":30,"column":9}},"9":{"start":{"line":22,"column":25},"end":{"line":22,"column":65}},"10":{"start":{"line":23,"column":12},"end":{"line":27,"column":14}},"11":{"start":{"line":24,"column":16},"end":{"line":24,"column":54}},"12":{"start":{"line":25,"column":16},"end":{"line":25,"column":34}},"13":{"start":{"line":26,"column":16},"end":{"line":26,"column":43}},"14":{"start":{"line":29,"column":12},"end":{"line":29,"column":57}},"15":{"start":{"line":36,"column":0},"end":{"line":36,"column":36}}},"fnMap":{"0":{"name":"(anonymous_8)","decl":{"start":{"line":7,"column":4},"end":{"line":7,"column":null}},"loc":{"start":{"line":7,"column":4},"end":{"line":9,"column":5}}},"1":{"name":"(anonymous_9)","decl":{"start":{"line":11,"column":10},"end":{"line":11,"column":14}},"loc":{"start":{"line":11,"column":47},"end":{"line":16,"column":null}}},"2":{"name":"(anonymous_12)","decl":{"start":{"line":19,"column":10},"end":{"line":19,"column":20}},"loc":{"start":{"line":19,"column":53},"end":{"line":32,"column":null}}}},"branchMap":{"0":{"loc":{"start":{"line":23,"column":12},"end":{"line":27,"column":14}},"type":"if","locations":[{"start":{"line":23,"column":12},"end":{"line":27,"column":14}}]},"1":{"loc":{"start":{"line":24,"column":16},"end":{"line":24,"column":53}},"type":"cond-expr","locations":[{"start":{"line":24,"column":29},"end":{"line":24,"column":31}},{"start":{"line":24,"column":29},"end":{"line":24,"column":53}}]},"2":{"loc":{"start":{"line":24,"column":16},"end":{"line":24,"column":31}},"type":"binary-expr","locations":[{"start":{"line":24,"column":16},"end":{"line":24,"column":31}},{"start":{"line":24,"column":29},"end":{"line":24,"column":31}}]}},"s":{"0":6,"1":6,"2":6,"3":2,"4":2,"5":2,"6":2,"7":2,"8":2,"9":2,"10":1,"11":1,"12":1,"13":1,"14":1,"15":6},"f":{"0":6,"1":2,"2":2},"b":{"0":[1],"1":[0,1],"2":[1,1]}}
,"C:\\Users\\97252\\Desktop\\לימודים\\שנה ג\\סמסטר א\\backend\\webApplication\\src\\controllers\\restAPI_controller.ts": {"path":"C:\\Users\\97252\\Desktop\\לימודים\\שנה ג\\סמסטר א\\backend\\webApplication\\src\\controllers\\restAPI_controller.ts","statementMap":{"0":{"start":{"line":1,"column":0},"end":{"line":1,"column":26}},"1":{"start":{"line":38,"column":20},"end":{"line":46,"column":6}},"2":{"start":{"line":47,"column":4},"end":{"line":54,"column":5}},"3":{"start":{"line":48,"column":23},"end":{"line":48,"column":51}},"4":{"start":{"line":49,"column":6},"end":{"line":49,"column":24}},"5":{"start":{"line":50,"column":6},"end":{"line":50,"column":33}},"6":{"start":{"line":52,"column":6},"end":{"line":52,"column":27}},"7":{"start":{"line":53,"column":6},"end":{"line":53,"column":60}},"8":{"start":{"line":35,"column":1},"end":{"line":35,"column":14}},"9":{"start":{"line":58,"column":0},"end":{"line":58,"column":39}}},"fnMap":{"0":{"name":"(anonymous_8)","decl":{"start":{"line":37,"column":8},"end":{"line":37,"column":23}},"loc":{"start":{"line":37,"column":51},"end":{"line":55,"column":null}}}},"branchMap":{},"s":{"0":6,"1":1,"2":1,"3":1,"4":1,"5":1,"6":0,"7":0,"8":6,"9":6},"f":{"0":1},"b":{}}
,"C:\\Users\\97252\\Desktop\\לימודים\\שנה ג\\סמסטר א\\backend\\webApplication\\src\\controllers\\user_controller.ts": {"path":"C:\\Users\\97252\\Desktop\\לימודים\\שנה ג\\סמסטר א\\backend\\webApplication\\src\\controllers\\user_controller.ts","statementMap":{"0":{"start":{"line":1,"column":0},"end":{"line":1,"column":56}},"1":{"start":{"line":2,"column":0},"end":{"line":2,"column":49}},"2":{"start":{"line":4,"column":23},"end":{"line":4,"column":57}},"3":{"start":{"line":6,"column":0},"end":{"line":6,"column":null}}},"fnMap":{},"branchMap":{},"s":{"0":6,"1":6,"2":6,"3":6},"f":{},"b":{}}
,"C:\\Users\\97252\\Desktop\\לימודים\\שנה ג\\סמסטר א\\backend\\webApplication\\src\\models\\post_model.ts": {"path":"C:\\Users\\97252\\Desktop\\לימודים\\שנה ג\\סמסטר א\\backend\\webApplication\\src\\models\\post_model.ts","statementMap":{"0":{"start":{"line":1,"column":0},"end":{"line":1,"column":32}},"1":{"start":{"line":12,"column":19},"end":{"line":37,"column":2}},"2":{"start":{"line":39,"column":0},"end":{"line":39,"column":57}}},"fnMap":{},"branchMap":{},"s":{"0":6,"1":6,"2":6},"f":{},"b":{}}
,"C:\\Users\\97252\\Desktop\\לימודים\\שנה ג\\סמסטר א\\backend\\webApplication\\src\\models\\user_model.ts": {"path":"C:\\Users\\97252\\Desktop\\לימודים\\שנה ג\\סמסטר א\\backend\\webApplication\\src\\models\\user_model.ts","statementMap":{"0":{"start":{"line":1,"column":0},"end":{"line":1,"column":32}},"1":{"start":{"line":14,"column":19},"end":{"line":46,"column":2}},"2":{"start":{"line":48,"column":0},"end":{"line":48,"column":57}}},"fnMap":{},"branchMap":{},"s":{"0":6,"1":6,"2":6},"f":{},"b":{}}
,"C:\\Users\\97252\\Desktop\\לימודים\\שנה ג\\סמסטר א\\backend\\webApplication\\src\\routes\\auth_route.ts": {"path":"C:\\Users\\97252\\Desktop\\לימודים\\שנה ג\\סמסטר א\\backend\\webApplication\\src\\routes\\auth_route.ts","statementMap":{"0":{"start":{"line":1,"column":0},"end":{"line":1,"column":30}},"1":{"start":{"line":2,"column":15},"end":{"line":2,"column":31}},"2":{"start":{"line":3,"column":0},"end":{"line":3,"column":60}},"3":{"start":{"line":126,"column":0},"end":{"line":126,"column":50}},"4":{"start":{"line":184,"column":0},"end":{"line":184,"column":52}},"5":{"start":{"line":251,"column":0},"end":{"line":251,"column":44}},"6":{"start":{"line":290,"column":1},"end":{"line":290,"column":46}},"7":{"start":{"line":328,"column":0},"end":{"line":328,"column":52}},"8":{"start":{"line":330,"column":0},"end":{"line":330,"column":22}}},"fnMap":{},"branchMap":{},"s":{"0":6,"1":6,"2":6,"3":6,"4":6,"5":6,"6":6,"7":6,"8":6},"f":{},"b":{}}
,"C:\\Users\\97252\\Desktop\\לימודים\\שנה ג\\סמסטר א\\backend\\webApplication\\src\\routes\\file_route.ts": {"path":"C:\\Users\\97252\\Desktop\\לימודים\\שנה ג\\סמסטר א\\backend\\webApplication\\src\\routes\\file_route.ts","statementMap":{"0":{"start":{"line":1,"column":0},"end":{"line":1,"column":30}},"1":{"start":{"line":2,"column":15},"end":{"line":2,"column":31}},"2":{"start":{"line":3,"column":0},"end":{"line":3,"column":28}},"3":{"start":{"line":6,"column":13},"end":{"line":6,"column":37}},"4":{"start":{"line":8,"column":16},"end":{"line":19,"column":2}},"5":{"start":{"line":10,"column":8},"end":{"line":10,"column":null}},"6":{"start":{"line":13,"column":20},"end":{"line":16,"column":22}},"7":{"start":{"line":17,"column":8},"end":{"line":17,"column":null}},"8":{"start":{"line":20,"column":15},"end":{"line":20,"column":43}},"9":{"start":{"line":89,"column":0},"end":{"line":92,"column":3}},"10":{"start":{"line":90,"column":4},"end":{"line":90,"column":null}},"11":{"start":{"line":91,"column":4},"end":{"line":91,"column":null}},"12":{"start":{"line":93,"column":0},"end":{"line":93,"column":16}}},"fnMap":{"0":{"name":"(anonymous_1)","decl":{"start":{"line":9,"column":17},"end":{"line":9,"column":27}},"loc":{"start":{"line":9,"column":40},"end":{"line":11,"column":5}}},"1":{"name":"(anonymous_2)","decl":{"start":{"line":12,"column":14},"end":{"line":12,"column":24}},"loc":{"start":{"line":12,"column":37},"end":{"line":18,"column":5}}},"2":{"name":"(anonymous_3)","decl":{"start":{"line":89,"column":40},"end":{"line":89,"column":50}},"loc":{"start":{"line":89,"column":58},"end":{"line":92,"column":1}}}},"branchMap":{},"s":{"0":6,"1":6,"2":6,"3":6,"4":6,"5":1,"6":1,"7":1,"8":6,"9":6,"10":1,"11":1,"12":6},"f":{"0":1,"1":1,"2":1},"b":{}}
,"C:\\Users\\97252\\Desktop\\לימודים\\שנה ג\\סמסטר א\\backend\\webApplication\\src\\routes\\post_route.ts": {"path":"C:\\Users\\97252\\Desktop\\לימודים\\שנה ג\\סמסטר א\\backend\\webApplication\\src\\routes\\post_route.ts","statementMap":{"0":{"start":{"line":1,"column":0},"end":{"line":1,"column":30}},"1":{"start":{"line":2,"column":15},"end":{"line":2,"column":31}},"2":{"start":{"line":3,"column":0},"end":{"line":3,"column":60}},"3":{"start":{"line":4,"column":0},"end":{"line":4,"column":55}},"4":{"start":{"line":92,"column":0},"end":{"line":92,"column":57}},"5":{"start":{"line":128,"column":0},"end":{"line":128,"column":64}},"6":{"start":{"line":174,"column":0},"end":{"line":174,"column":75}},"7":{"start":{"line":215,"column":0},"end":{"line":215,"column":80}},"8":{"start":{"line":255,"column":0},"end":{"line":255,"column":86}},"9":{"start":{"line":321,"column":0},"end":{"line":321,"column":91}},"10":{"start":{"line":324,"column":0},"end":{"line":324,"column":22}}},"fnMap":{},"branchMap":{},"s":{"0":6,"1":6,"2":6,"3":6,"4":6,"5":6,"6":6,"7":6,"8":6,"9":6,"10":6},"f":{},"b":{}}
,"C:\\Users\\97252\\Desktop\\לימודים\\שנה ג\\סמסטר א\\backend\\webApplication\\src\\routes\\restAPI_route.ts": {"path":"C:\\Users\\97252\\Desktop\\לימודים\\שנה ג\\סמסטר א\\backend\\webApplication\\src\\routes\\restAPI_route.ts","statementMap":{"0":{"start":{"line":1,"column":0},"end":{"line":1,"column":30}},"1":{"start":{"line":2,"column":15},"end":{"line":2,"column":31}},"2":{"start":{"line":3,"column":0},"end":{"line":3,"column":66}},"3":{"start":{"line":87,"column":0},"end":{"line":87,"column":75}},"4":{"start":{"line":88,"column":0},"end":{"line":88,"column":22}}},"fnMap":{},"branchMap":{},"s":{"0":6,"1":6,"2":6,"3":6,"4":6},"f":{},"b":{}}
,"C:\\Users\\97252\\Desktop\\לימודים\\שנה ג\\סמסטר א\\backend\\webApplication\\src\\routes\\user_route.ts": {"path":"C:\\Users\\97252\\Desktop\\לימודים\\שנה ג\\סמסטר א\\backend\\webApplication\\src\\routes\\user_route.ts","statementMap":{"0":{"start":{"line":1,"column":0},"end":{"line":1,"column":30}},"1":{"start":{"line":2,"column":15},"end":{"line":2,"column":31}},"2":{"start":{"line":3,"column":0},"end":{"line":3,"column":60}},"3":{"start":{"line":4,"column":0},"end":{"line":4,"column":55}},"4":{"start":{"line":110,"column":0},"end":{"line":110,"column":79}},"5":{"start":{"line":147,"column":0},"end":{"line":147,"column":75}},"6":{"start":{"line":191,"column":0},"end":{"line":191,"column":80}},"7":{"start":{"line":233,"column":0},"end":{"line":233,"column":86}},"8":{"start":{"line":267,"column":0},"end":{"line":267,"column":72}},"9":{"start":{"line":269,"column":0},"end":{"line":269,"column":22}}},"fnMap":{},"branchMap":{},"s":{"0":6,"1":6,"2":6,"3":6,"4":6,"5":6,"6":6,"7":6,"8":6,"9":6},"f":{},"b":{}}
}
