TN:
SF:src\app.ts
FN:12,(anonymous_1)
FN:13,(anonymous_2)
FN:15,(anonymous_3)
FN:16,(anonymous_4)
FN:18,(anonymous_5)
FN:22,(anonymous_6)
FNF:6
FNH:5
FNDA:5,(anonymous_1)
FNDA:5,(anonymous_2)
FNDA:5,(anonymous_3)
FNDA:0,(anonymous_4)
FNDA:5,(anonymous_5)
FNDA:57,(anonymous_6)
DA:1,5
DA:2,5
DA:3,5
DA:4,5
DA:5,5
DA:6,5
DA:7,5
DA:8,5
DA:9,5
DA:10,5
DA:12,5
DA:13,5
DA:14,5
DA:15,5
DA:16,5
DA:17,5
DA:18,5
DA:19,5
DA:20,5
DA:21,5
DA:22,5
DA:23,57
DA:24,57
DA:25,57
DA:26,57
DA:28,5
DA:29,5
DA:30,5
DA:31,5
DA:32,5
DA:33,5
DA:34,5
DA:37,5
DA:40,5
LF:34
LH:34
BRF:0
BRH:0
end_of_record
TN:
SF:src\common\auth_middleware.ts
FN:7,(anonymous_1)
FN:11,(anonymous_2)
FNF:2
FNH:2
FNDA:21,(anonymous_1)
FNDA:19,(anonymous_2)
DA:2,5
DA:7,5
DA:8,21
DA:9,21
DA:10,21
DA:11,19
DA:12,19
DA:13,19
DA:14,17
DA:15,17
DA:19,5
LF:11
LH:11
BRDA:9,0,0,21
BRDA:9,0,1,20
BRDA:10,1,0,2
BRDA:13,2,0,2
BRF:4
BRH:4
end_of_record
TN:
SF:src\controllers\auth_controller.ts
FN:10,(anonymous_8)
FN:10,(anonymous_9)
FN:49,(anonymous_10)
FN:49,(anonymous_11)
FN:65,(anonymous_12)
FN:65,(anonymous_13)
FN:112,(anonymous_14)
FN:112,(anonymous_15)
FN:142,(anonymous_16)
FN:142,(anonymous_17)
FN:146,(anonymous_18)
FN:146,(anonymous_19)
FN:156,(anonymous_20)
FN:168,(anonymous_21)
FN:168,(anonymous_22)
FN:175,(anonymous_23)
FN:175,(anonymous_24)
FN:191,(anonymous_25)
FNF:18
FNH:16
FNDA:1,(anonymous_8)
FNDA:1,(anonymous_9)
FNDA:6,(anonymous_10)
FNDA:6,(anonymous_11)
FNDA:10,(anonymous_12)
FNDA:10,(anonymous_13)
FNDA:11,(anonymous_14)
FNDA:11,(anonymous_15)
FNDA:4,(anonymous_16)
FNDA:4,(anonymous_17)
FNDA:3,(anonymous_18)
FNDA:3,(anonymous_19)
FNDA:0,(anonymous_20)
FNDA:1,(anonymous_21)
FNDA:1,(anonymous_22)
FNDA:1,(anonymous_23)
FNDA:1,(anonymous_24)
FNDA:0,(anonymous_25)
DA:2,5
DA:3,5
DA:4,5
DA:5,5
DA:9,5
DA:10,5
DA:11,1
DA:12,1
DA:13,1
DA:17,0
DA:18,0
DA:19,0
DA:20,0
DA:21,0
DA:22,0
DA:33,0
DA:34,0
DA:43,1
DA:44,1
DA:49,6
DA:50,6
DA:52,6
DA:53,6
DA:54,0
DA:56,6
DA:58,6
DA:59,6
DA:65,10
DA:66,10
DA:67,10
DA:68,10
DA:69,10
DA:70,10
DA:71,10
DA:72,10
DA:73,10
DA:74,10
DA:75,10
DA:76,4
DA:78,6
DA:79,6
DA:80,6
DA:81,6
DA:82,3
DA:84,3
DA:85,3
DA:86,3
DA:95,3
DA:96,3
DA:107,0
DA:108,0
DA:112,11
DA:113,11
DA:114,11
DA:115,11
DA:116,3
DA:118,8
DA:119,8
DA:120,6
DA:121,3
DA:123,3
DA:124,3
DA:125,0
DA:127,3
DA:128,3
DA:138,2
DA:142,5
DA:143,4
DA:144,4
DA:145,4
DA:146,3
DA:147,3
DA:148,3
DA:149,0
DA:150,0
DA:151,0
DA:152,0
DA:153,0
DA:154,0
DA:156,0
DA:157,0
DA:158,0
DA:159,0
DA:162,0
DA:163,0
DA:168,5
DA:169,1
DA:170,1
DA:171,1
DA:172,1
DA:173,1
DA:174,1
DA:175,1
DA:176,1
DA:177,0
DA:178,0
DA:180,1
DA:181,1
DA:182,0
DA:183,0
DA:184,0
DA:185,0
DA:186,0
DA:187,0
DA:189,0
DA:190,0
DA:191,0
DA:192,0
DA:193,0
DA:194,0
DA:199,1
DA:200,1
DA:205,5
LF:113
LH:75
BRDA:18,0,0,0
BRDA:18,0,1,0
BRDA:18,1,0,0
BRDA:18,1,1,0
BRDA:19,2,0,0
BRDA:21,3,0,0
BRDA:24,4,0,0
BRDA:24,4,1,0
BRDA:24,5,0,0
BRDA:24,5,1,0
BRDA:25,6,0,0
BRDA:25,6,1,0
BRDA:25,7,0,0
BRDA:25,7,1,0
BRDA:30,8,0,0
BRDA:30,8,1,0
BRDA:30,9,0,0
BRDA:30,9,1,0
BRDA:53,10,0,0
BRDA:53,10,1,6
BRDA:75,11,0,4
BRDA:75,12,0,10
BRDA:75,12,1,7
BRDA:81,13,0,3
BRDA:115,14,0,3
BRDA:115,15,0,11
BRDA:115,15,1,9
BRDA:120,16,0,3
BRDA:124,17,0,0
BRDA:144,18,0,4
BRDA:144,18,1,3
BRDA:145,19,0,1
BRDA:148,20,0,3
BRDA:151,21,0,0
BRDA:151,21,1,0
BRDA:151,22,0,0
BRDA:151,22,1,0
BRDA:171,23,0,1
BRDA:171,23,1,1
BRDA:174,24,0,0
BRDA:176,25,0,0
BRDA:183,26,0,0
BRDA:183,27,0,0
BRDA:183,27,1,0
BRF:44
BRH:15
end_of_record
TN:
SF:src\controllers\base_controller.ts
FN:7,(anonymous_7)
FN:11,(anonymous_8)
FN:26,(anonymous_10)
FN:36,(anonymous_12)
FN:47,(anonymous_14)
FN:59,(anonymous_16)
FN:71,(anonymous_18)
FNF:7
FNH:7
FNDA:10,(anonymous_7)
FNDA:6,(anonymous_8)
FNDA:2,(anonymous_10)
FNDA:4,(anonymous_12)
FNDA:3,(anonymous_14)
FNDA:4,(anonymous_16)
FNDA:5,(anonymous_18)
DA:4,5
DA:8,10
DA:12,6
DA:13,6
DA:18,6
DA:19,6
DA:22,0
DA:27,2
DA:28,2
DA:29,2
DA:30,1
DA:32,1
DA:37,4
DA:38,4
DA:39,4
DA:40,3
DA:42,1
DA:43,1
DA:48,3
DA:49,3
DA:50,3
DA:51,2
DA:52,2
DA:54,1
DA:55,1
DA:60,4
DA:61,4
DA:62,4
DA:63,3
DA:65,1
DA:66,1
DA:71,5
DA:72,5
DA:75,5
LF:34
LH:33
BRF:0
BRH:0
end_of_record
TN:
SF:src\controllers\post_controller.ts
FN:7,(anonymous_8)
FN:11,(anonymous_9)
FN:18,(anonymous_12)
FNF:3
FNH:3
FNDA:5,(anonymous_8)
FNDA:2,(anonymous_9)
FNDA:2,(anonymous_12)
DA:1,5
DA:2,5
DA:8,5
DA:12,2
DA:13,2
DA:14,2
DA:15,2
DA:19,2
DA:20,2
DA:21,2
DA:22,1
DA:23,1
DA:24,1
DA:25,1
DA:27,0
DA:30,1
DA:38,5
LF:17
LH:16
BRDA:22,0,0,1
BRDA:22,0,1,0
BRDA:23,1,0,0
BRDA:23,1,1,1
BRDA:23,2,0,1
BRDA:23,2,1,1
BRF:6
BRH:4
end_of_record
TN:
SF:src\controllers\restAPI_controller.ts
FN:37,(anonymous_8)
FNF:1
FNH:1
FNDA:1,(anonymous_8)
DA:1,5
DA:35,5
DA:38,1
DA:47,1
DA:48,1
DA:49,1
DA:50,1
DA:52,0
DA:53,0
DA:58,5
LF:10
LH:8
BRF:0
BRH:0
end_of_record
TN:
SF:src\controllers\user_controller.ts
FNF:0
FNH:0
DA:1,5
DA:2,5
DA:4,5
DA:6,5
LF:4
LH:4
BRF:0
BRH:0
end_of_record
TN:
SF:src\models\post_model.ts
FNF:0
FNH:0
DA:1,5
DA:12,5
DA:39,5
LF:3
LH:3
BRF:0
BRH:0
end_of_record
TN:
SF:src\models\user_model.ts
FNF:0
FNH:0
DA:1,5
DA:14,5
DA:48,5
LF:3
LH:3
BRF:0
BRH:0
end_of_record
TN:
SF:src\routes\auth_route.ts
FNF:0
FNH:0
DA:1,5
DA:2,5
DA:3,5
DA:126,5
DA:184,5
DA:251,5
DA:290,5
DA:328,5
DA:330,5
LF:9
LH:9
BRF:0
BRH:0
end_of_record
TN:
SF:src\routes\file_route.ts
FN:9,(anonymous_1)
FN:12,(anonymous_2)
FN:89,(anonymous_3)
FNF:3
FNH:3
FNDA:1,(anonymous_1)
FNDA:1,(anonymous_2)
FNDA:1,(anonymous_3)
DA:1,5
DA:2,5
DA:3,5
DA:6,5
DA:8,5
DA:10,1
DA:13,1
DA:17,1
DA:20,5
DA:89,5
DA:90,1
DA:91,1
DA:93,5
LF:13
LH:13
BRF:0
BRH:0
end_of_record
TN:
SF:src\routes\post_route.ts
FNF:0
FNH:0
DA:1,5
DA:2,5
DA:3,5
DA:4,5
DA:88,5
DA:124,5
DA:170,5
DA:211,5
DA:251,5
DA:317,5
DA:319,5
LF:11
LH:11
BRF:0
BRH:0
end_of_record
TN:
SF:src\routes\restAPI_route.ts
FNF:0
FNH:0
DA:1,5
DA:2,5
DA:3,5
DA:87,5
DA:88,5
LF:5
LH:5
BRF:0
BRH:0
end_of_record
TN:
SF:src\routes\user_route.ts
FNF:0
FNH:0
DA:1,5
DA:2,5
DA:3,5
DA:4,5
DA:110,5
DA:147,5
DA:191,5
DA:233,5
DA:267,5
DA:269,5
LF:10
LH:10
BRF:0
BRH:0
end_of_record
