TN:
SF:src\app.ts
FN:10,(anonymous_1)
FN:11,(anonymous_2)
FN:13,(anonymous_3)
FN:14,(anonymous_4)
FN:16,(anonymous_5)
FNF:5
FNH:4
FNDA:3,(anonymous_1)
FNDA:3,(anonymous_2)
FNDA:3,(anonymous_3)
FNDA:0,(anonymous_4)
FNDA:3,(anonymous_5)
DA:1,3
DA:2,3
DA:3,3
DA:4,3
DA:5,3
DA:6,3
DA:7,3
DA:8,3
DA:10,3
DA:11,3
DA:12,3
DA:13,3
DA:14,3
DA:15,3
DA:16,3
DA:17,3
DA:18,3
DA:19,3
DA:20,3
DA:21,3
DA:22,3
DA:23,3
DA:26,3
DA:29,3
LF:24
LH:24
BRF:0
BRH:0
end_of_record
TN:
SF:src\common\auth_middleware.ts
FN:7,(anonymous_1)
FN:11,(anonymous_2)
FNF:2
FNH:2
FNDA:18,(anonymous_1)
FNDA:17,(anonymous_2)
DA:2,3
DA:7,3
DA:8,18
DA:9,18
DA:10,18
DA:11,17
DA:12,17
DA:13,17
DA:14,15
DA:15,15
DA:19,3
LF:11
LH:11
BRDA:9,0,0,18
BRDA:9,0,1,17
BRDA:10,1,0,1
BRDA:13,2,0,2
BRF:4
BRH:4
end_of_record
TN:
SF:src\controllers\auth_controller.ts
FN:6,(anonymous_8)
FN:6,(anonymous_9)
FN:36,(anonymous_10)
FN:36,(anonymous_11)
FN:71,(anonymous_12)
FN:71,(anonymous_13)
FN:75,(anonymous_14)
FN:75,(anonymous_15)
FN:85,(anonymous_16)
FN:95,(anonymous_17)
FN:95,(anonymous_18)
FN:99,(anonymous_19)
FN:99,(anonymous_20)
FN:113,(anonymous_21)
FNF:14
FNH:14
FNDA:5,(anonymous_8)
FNDA:5,(anonymous_9)
FNDA:7,(anonymous_10)
FNDA:7,(anonymous_11)
FNDA:2,(anonymous_12)
FNDA:2,(anonymous_13)
FNDA:2,(anonymous_14)
FNDA:2,(anonymous_15)
FNDA:1,(anonymous_16)
FNDA:3,(anonymous_17)
FNDA:3,(anonymous_18)
FNDA:3,(anonymous_19)
FNDA:3,(anonymous_20)
FNDA:1,(anonymous_21)
DA:2,3
DA:3,3
DA:4,3
DA:6,5
DA:7,5
DA:8,5
DA:9,5
DA:10,5
DA:11,5
DA:12,5
DA:13,5
DA:14,1
DA:16,4
DA:17,4
DA:18,4
DA:19,1
DA:21,3
DA:22,3
DA:23,3
DA:30,3
DA:32,0
DA:36,7
DA:37,7
DA:38,7
DA:39,7
DA:40,2
DA:42,5
DA:43,5
DA:44,5
DA:45,1
DA:47,4
DA:48,4
DA:49,0
DA:52,4
DA:53,4
DA:54,4
DA:55,4
DA:56,4
DA:57,0
DA:59,4
DA:61,4
DA:62,4
DA:67,0
DA:71,3
DA:72,2
DA:73,2
DA:74,2
DA:75,2
DA:76,2
DA:77,2
DA:78,2
DA:79,2
DA:80,2
DA:81,1
DA:82,1
DA:83,1
DA:85,1
DA:86,1
DA:87,1
DA:90,0
DA:95,3
DA:96,3
DA:97,3
DA:98,3
DA:99,3
DA:100,3
DA:101,0
DA:102,0
DA:104,3
DA:105,3
DA:106,3
DA:107,2
DA:108,2
DA:109,2
DA:111,1
DA:112,1
DA:113,1
DA:114,1
DA:115,1
DA:116,1
DA:121,0
DA:126,3
LF:82
LH:74
BRDA:13,0,0,1
BRDA:13,1,0,5
BRDA:13,1,1,5
BRDA:18,2,0,1
BRDA:39,3,0,2
BRDA:39,4,0,7
BRDA:39,4,1,6
BRDA:44,5,0,1
BRDA:48,6,0,0
BRDA:56,7,0,0
BRDA:56,7,1,4
BRDA:73,8,0,2
BRDA:73,8,1,2
BRDA:74,9,0,0
BRDA:77,10,0,0
BRDA:80,11,0,1
BRDA:80,11,1,1
BRDA:80,12,0,2
BRDA:80,12,1,2
BRDA:97,13,0,3
BRDA:97,13,1,3
BRDA:98,14,0,0
BRDA:100,15,0,0
BRDA:106,16,0,2
BRDA:106,17,0,3
BRDA:106,17,1,3
BRF:26
BRH:20
end_of_record
TN:
SF:src\controllers\base_controller.ts
FN:7,(anonymous_7)
FN:11,(anonymous_8)
FN:26,(anonymous_10)
FN:36,(anonymous_12)
FN:47,(anonymous_14)
FN:59,(anonymous_16)
FN:71,(anonymous_18)
FNF:7
FNH:7
FNDA:6,(anonymous_7)
FNDA:6,(anonymous_8)
FNDA:1,(anonymous_10)
FNDA:3,(anonymous_12)
FNDA:3,(anonymous_14)
FNDA:4,(anonymous_16)
FNDA:3,(anonymous_18)
DA:4,3
DA:8,6
DA:12,6
DA:13,6
DA:14,6
DA:15,0
DA:16,0
DA:18,6
DA:19,6
DA:22,0
DA:27,1
DA:28,1
DA:29,1
DA:30,1
DA:32,0
DA:37,3
DA:38,3
DA:39,3
DA:40,2
DA:42,1
DA:43,1
DA:48,3
DA:49,3
DA:50,3
DA:51,2
DA:52,2
DA:54,1
DA:55,1
DA:60,4
DA:61,4
DA:62,4
DA:63,3
DA:65,1
DA:66,1
DA:71,3
DA:72,3
DA:75,3
LF:37
LH:33
BRDA:14,0,0,0
BRDA:14,0,1,6
BRF:2
BRH:1
end_of_record
TN:
SF:src\controllers\post_controller.ts
FN:7,(anonymous_8)
FN:11,(anonymous_9)
FNF:2
FNH:2
FNDA:3,(anonymous_8)
FNDA:1,(anonymous_9)
DA:1,3
DA:2,3
DA:8,3
DA:12,1
DA:13,1
DA:14,1
DA:15,1
DA:19,3
LF:8
LH:8
BRF:0
BRH:0
end_of_record
TN:
SF:src\controllers\user_controller.ts
FNF:0
FNH:0
DA:1,3
DA:2,3
DA:4,3
DA:6,3
LF:4
LH:4
BRF:0
BRH:0
end_of_record
TN:
SF:src\models\post_model.ts
FNF:0
FNH:0
DA:1,3
DA:11,3
DA:34,3
LF:3
LH:3
BRF:0
BRH:0
end_of_record
TN:
SF:src\models\user_model.ts
FNF:0
FNH:0
DA:1,3
DA:14,3
DA:48,3
LF:3
LH:3
BRF:0
BRH:0
end_of_record
TN:
SF:src\routes\auth_route.ts
FNF:0
FNH:0
DA:1,3
DA:2,3
DA:3,3
DA:5,3
DA:6,3
DA:7,3
DA:8,3
DA:10,3
LF:8
LH:8
BRF:0
BRH:0
end_of_record
TN:
SF:src\routes\post_route.ts
FNF:0
FNH:0
DA:1,3
DA:2,3
DA:3,3
DA:4,3
DA:6,3
DA:8,3
DA:10,3
DA:12,3
DA:14,3
DA:16,3
LF:10
LH:10
BRF:0
BRH:0
end_of_record
TN:
SF:src\routes\user_route.ts
FNF:0
FNH:0
DA:1,3
DA:2,3
DA:3,3
DA:4,3
DA:6,3
DA:8,3
DA:10,3
DA:12,3
DA:14,3
DA:16,3
LF:10
LH:10
BRF:0
BRH:0
end_of_record
